[debug] [2025-08-10T15:23:34.616Z] ----------------------------------------------------------------------
[debug] [2025-08-10T15:23:34.617Z] Command:       /opt/homebrew/Cellar/node/23.6.1/bin/node /opt/homebrew/bin/firebase deploy --only functions
[debug] [2025-08-10T15:23:34.618Z] CLI Version:   14.12.0
[debug] [2025-08-10T15:23:34.618Z] Platform:      darwin
[debug] [2025-08-10T15:23:34.618Z] Node Version:  v23.6.1
[debug] [2025-08-10T15:23:34.618Z] Time:          Sun Aug 10 2025 17:23:34 GMT+0200 (hora de verano de Europa central)
[debug] [2025-08-10T15:23:34.618Z] ----------------------------------------------------------------------
[debug] 
[debug] [2025-08-10T15:23:34.678Z] > command requires scopes: ["email","openid","https://www.googleapis.com/auth/cloudplatformprojects.readonly","https://www.googleapis.com/auth/firebase","https://www.googleapis.com/auth/cloud-platform"]
[debug] [2025-08-10T15:23:34.678Z] > authorizing via signed-in user (aciprianlopez@gmail.com)
[debug] [2025-08-10T15:23:34.678Z] [iam] checking project madridloop for permissions ["cloudfunctions.functions.create","cloudfunctions.functions.delete","cloudfunctions.functions.get","cloudfunctions.functions.list","cloudfunctions.functions.update","cloudfunctions.operations.get","firebase.projects.get"]
[debug] [2025-08-10T15:23:34.679Z] Checked if tokens are valid: true, expires at: 1754842240533
[debug] [2025-08-10T15:23:34.679Z] Checked if tokens are valid: true, expires at: 1754842240533
[debug] [2025-08-10T15:23:34.679Z] >>> [apiv2][query] POST https://cloudresourcemanager.googleapis.com/v1/projects/madridloop:testIamPermissions [none]
[debug] [2025-08-10T15:23:34.679Z] >>> [apiv2][(partial)header] POST https://cloudresourcemanager.googleapis.com/v1/projects/madridloop:testIamPermissions x-goog-quota-user=projects/madridloop
[debug] [2025-08-10T15:23:34.679Z] >>> [apiv2][body] POST https://cloudresourcemanager.googleapis.com/v1/projects/madridloop:testIamPermissions {"permissions":["cloudfunctions.functions.create","cloudfunctions.functions.delete","cloudfunctions.functions.get","cloudfunctions.functions.list","cloudfunctions.functions.update","cloudfunctions.operations.get","firebase.projects.get"]}
[debug] [2025-08-10T15:23:35.325Z] <<< [apiv2][status] POST https://cloudresourcemanager.googleapis.com/v1/projects/madridloop:testIamPermissions 200
[debug] [2025-08-10T15:23:35.325Z] <<< [apiv2][body] POST https://cloudresourcemanager.googleapis.com/v1/projects/madridloop:testIamPermissions {"permissions":["cloudfunctions.functions.create","cloudfunctions.functions.delete","cloudfunctions.functions.get","cloudfunctions.functions.list","cloudfunctions.functions.update","cloudfunctions.operations.get","firebase.projects.get"]}
[debug] [2025-08-10T15:23:35.325Z] Checked if tokens are valid: true, expires at: 1754842240533
[debug] [2025-08-10T15:23:35.326Z] Checked if tokens are valid: true, expires at: 1754842240533
[debug] [2025-08-10T15:23:35.326Z] >>> [apiv2][query] POST https://iam.googleapis.com/v1/projects/madridloop/serviceAccounts/madridloop@appspot.gserviceaccount.com:testIamPermissions [none]
[debug] [2025-08-10T15:23:35.326Z] >>> [apiv2][body] POST https://iam.googleapis.com/v1/projects/madridloop/serviceAccounts/madridloop@appspot.gserviceaccount.com:testIamPermissions {"permissions":["iam.serviceAccounts.actAs"]}
[debug] [2025-08-10T15:23:35.994Z] <<< [apiv2][status] POST https://iam.googleapis.com/v1/projects/madridloop/serviceAccounts/madridloop@appspot.gserviceaccount.com:testIamPermissions 200
[debug] [2025-08-10T15:23:35.994Z] <<< [apiv2][body] POST https://iam.googleapis.com/v1/projects/madridloop/serviceAccounts/madridloop@appspot.gserviceaccount.com:testIamPermissions {"permissions":["iam.serviceAccounts.actAs"]}
[info] 
[info] === Deploying to 'madridloop'...
[info] 
[info] i  deploying functions 
[info] Running command: npm --prefix "$RESOURCE_DIR" run lint
[info] ✔  functions: Finished running predeploy script. 
[debug] [2025-08-10T15:23:36.329Z] Checked if tokens are valid: true, expires at: 1754842240533
[debug] [2025-08-10T15:23:36.329Z] Checked if tokens are valid: true, expires at: 1754842240533
[debug] [2025-08-10T15:23:36.329Z] >>> [apiv2][query] GET https://cloudresourcemanager.googleapis.com/v1/projects/madridloop [none]
[debug] [2025-08-10T15:23:36.512Z] <<< [apiv2][status] GET https://cloudresourcemanager.googleapis.com/v1/projects/madridloop 200
[debug] [2025-08-10T15:23:36.512Z] <<< [apiv2][body] GET https://cloudresourcemanager.googleapis.com/v1/projects/madridloop {"projectNumber":"391413214625","projectId":"madridloop","lifecycleState":"ACTIVE","name":"MadridLoop","labels":{"firebase":"enabled","firebase-core":"disabled"},"createTime":"2025-07-28T09:04:12.428885Z"}
[info] i  functions: preparing codebase default for deployment 
[info] i  functions: ensuring required API cloudfunctions.googleapis.com is enabled... 
[info] i  functions: ensuring required API cloudbuild.googleapis.com is enabled... 
[debug] [2025-08-10T15:23:36.514Z] Checked if tokens are valid: true, expires at: 1754842240533
[debug] [2025-08-10T15:23:36.514Z] Checked if tokens are valid: true, expires at: 1754842240533
[info] i  artifactregistry: ensuring required API artifactregistry.googleapis.com is enabled... 
[debug] [2025-08-10T15:23:36.514Z] Checked if tokens are valid: true, expires at: 1754842240533
[debug] [2025-08-10T15:23:36.514Z] Checked if tokens are valid: true, expires at: 1754842240533
[debug] [2025-08-10T15:23:36.514Z] >>> [apiv2][query] GET https://serviceusage.googleapis.com/v1/projects/madridloop/services/cloudbuild.googleapis.com [none]
[debug] [2025-08-10T15:23:36.514Z] >>> [apiv2][(partial)header] GET https://serviceusage.googleapis.com/v1/projects/madridloop/services/cloudbuild.googleapis.com x-goog-quota-user=projects/madridloop
[debug] [2025-08-10T15:23:36.516Z] >>> [apiv2][query] GET https://serviceusage.googleapis.com/v1/projects/madridloop/services/artifactregistry.googleapis.com [none]
[debug] [2025-08-10T15:23:36.516Z] >>> [apiv2][(partial)header] GET https://serviceusage.googleapis.com/v1/projects/madridloop/services/artifactregistry.googleapis.com x-goog-quota-user=projects/madridloop
[debug] [2025-08-10T15:23:37.385Z] <<< [apiv2][status] GET https://serviceusage.googleapis.com/v1/projects/madridloop/services/cloudbuild.googleapis.com 200
[debug] [2025-08-10T15:23:37.386Z] <<< [apiv2][body] GET https://serviceusage.googleapis.com/v1/projects/madridloop/services/cloudbuild.googleapis.com [omitted]
[warn] ⚠  functions: missing required API cloudbuild.googleapis.com. Enabling now... 
[debug] [2025-08-10T15:23:37.386Z] Checked if tokens are valid: true, expires at: 1754842240533
[debug] [2025-08-10T15:23:37.386Z] Checked if tokens are valid: true, expires at: 1754842240533
[debug] [2025-08-10T15:23:37.386Z] >>> [apiv2][query] POST https://serviceusage.googleapis.com/v1/projects/madridloop/services/cloudbuild.googleapis.com:enable [none]
[debug] [2025-08-10T15:23:37.386Z] >>> [apiv2][(partial)header] POST https://serviceusage.googleapis.com/v1/projects/madridloop/services/cloudbuild.googleapis.com:enable x-goog-quota-user=projects/madridloop
[debug] [2025-08-10T15:23:37.388Z] <<< [apiv2][status] GET https://serviceusage.googleapis.com/v1/projects/madridloop/services/artifactregistry.googleapis.com 200
[debug] [2025-08-10T15:23:37.388Z] <<< [apiv2][body] GET https://serviceusage.googleapis.com/v1/projects/madridloop/services/artifactregistry.googleapis.com [omitted]
[warn] ⚠  artifactregistry: missing required API artifactregistry.googleapis.com. Enabling now... 
[debug] [2025-08-10T15:23:37.388Z] Checked if tokens are valid: true, expires at: 1754842240533
[debug] [2025-08-10T15:23:37.388Z] Checked if tokens are valid: true, expires at: 1754842240533
[debug] [2025-08-10T15:23:37.389Z] >>> [apiv2][query] POST https://serviceusage.googleapis.com/v1/projects/madridloop/services/artifactregistry.googleapis.com:enable [none]
[debug] [2025-08-10T15:23:37.389Z] >>> [apiv2][(partial)header] POST https://serviceusage.googleapis.com/v1/projects/madridloop/services/artifactregistry.googleapis.com:enable x-goog-quota-user=projects/madridloop
[debug] [2025-08-10T15:23:38.549Z] <<< [apiv2][status] POST https://serviceusage.googleapis.com/v1/projects/madridloop/services/artifactregistry.googleapis.com:enable 200
[debug] [2025-08-10T15:23:38.550Z] <<< [apiv2][body] POST https://serviceusage.googleapis.com/v1/projects/madridloop/services/artifactregistry.googleapis.com:enable [omitted]
[debug] [2025-08-10T15:23:38.644Z] <<< [apiv2][status] POST https://serviceusage.googleapis.com/v1/projects/madridloop/services/cloudbuild.googleapis.com:enable 200
[debug] [2025-08-10T15:23:38.644Z] <<< [apiv2][body] POST https://serviceusage.googleapis.com/v1/projects/madridloop/services/cloudbuild.googleapis.com:enable [omitted]
[debug] [2025-08-10T15:23:48.655Z] Checked if tokens are valid: true, expires at: 1754842240533
[debug] [2025-08-10T15:23:48.655Z] Checked if tokens are valid: true, expires at: 1754842240533
[debug] [2025-08-10T15:23:48.655Z] >>> [apiv2][query] GET https://firebase.googleapis.com/v1beta1/projects/madridloop/adminSdkConfig [none]
[debug] [2025-08-10T15:23:48.934Z] <<< [apiv2][status] GET https://firebase.googleapis.com/v1beta1/projects/madridloop/adminSdkConfig 200
[debug] [2025-08-10T15:23:48.934Z] <<< [apiv2][body] GET https://firebase.googleapis.com/v1beta1/projects/madridloop/adminSdkConfig {"projectId":"madridloop","storageBucket":"madridloop.firebasestorage.app"}
[debug] [2025-08-10T15:23:48.935Z] Checked if tokens are valid: true, expires at: 1754842240533
[debug] [2025-08-10T15:23:48.935Z] Checked if tokens are valid: true, expires at: 1754842240533
[debug] [2025-08-10T15:23:48.935Z] >>> [apiv2][query] GET https://runtimeconfig.googleapis.com/v1beta1/projects/madridloop/configs [none]
[debug] [2025-08-10T15:23:49.207Z] <<< [apiv2][status] GET https://runtimeconfig.googleapis.com/v1beta1/projects/madridloop/configs 200
[debug] [2025-08-10T15:23:49.207Z] <<< [apiv2][body] GET https://runtimeconfig.googleapis.com/v1beta1/projects/madridloop/configs {}
[debug] [2025-08-10T15:23:49.210Z] Validating nodejs source
[debug] [2025-08-10T15:23:49.518Z] > [functions] package.json contents: {
  "name": "functions",
  "description": "Cloud Functions for Firebase",
  "scripts": {
    "lint": "eslint .",
    "serve": "firebase emulators:start --only functions",
    "shell": "firebase functions:shell",
    "start": "npm run shell",
    "deploy": "firebase deploy --only functions",
    "logs": "firebase functions:log"
  },
  "engines": {
    "node": "22"
  },
  "main": "index.js",
  "dependencies": {
    "firebase-admin": "^12.6.0",
    "firebase-functions": "^6.0.1"
  },
  "devDependencies": {
    "eslint": "^8.57.1",
    "eslint-config-google": "^0.14.0",
    "eslint-plugin-import": "^2.32.0",
    "firebase-functions-test": "^3.1.0"
  },
  "private": true
}
[debug] [2025-08-10T15:23:49.519Z] Building nodejs source
[info] i  functions: Loading and analyzing source code for codebase default to determine what to deploy 
[debug] [2025-08-10T15:23:49.519Z] Could not find functions.yaml. Must use http discovery
[debug] [2025-08-10T15:23:49.523Z] Found firebase-functions binary at '/Users/alexciprianlopez/Developer/importantProjects/ProjectsForGit/MadridLoop/functions/node_modules/.bin/firebase-functions'
[info] Serving at port 8350

[debug] [2025-08-10T15:23:49.992Z] Got response from /__/functions.yaml {"endpoints":{"checkAppVersion":{"availableMemoryMb":null,"timeoutSeconds":null,"minInstances":null,"maxInstances":null,"ingressSettings":null,"concurrency":null,"serviceAccountEmail":null,"vpc":null,"platform":"gcfv2","labels":{},"httpsTrigger":{},"entryPoint":"checkAppVersion"}},"specVersion":"v1alpha1","requiredAPIs":[],"extensions":{}}
[info] i  extensions: ensuring required API firebaseextensions.googleapis.com is enabled... 
[debug] [2025-08-10T15:23:54.011Z] Checked if tokens are valid: true, expires at: 1754842240533
[debug] [2025-08-10T15:23:54.011Z] Checked if tokens are valid: true, expires at: 1754842240533
[debug] [2025-08-10T15:23:54.011Z] >>> [apiv2][query] GET https://serviceusage.googleapis.com/v1/projects/madridloop/services/firebaseextensions.googleapis.com [none]
[debug] [2025-08-10T15:23:54.012Z] >>> [apiv2][(partial)header] GET https://serviceusage.googleapis.com/v1/projects/madridloop/services/firebaseextensions.googleapis.com x-goog-quota-user=projects/madridloop
[debug] [2025-08-10T15:23:54.893Z] <<< [apiv2][status] GET https://serviceusage.googleapis.com/v1/projects/madridloop/services/firebaseextensions.googleapis.com 200
[debug] [2025-08-10T15:23:54.894Z] <<< [apiv2][body] GET https://serviceusage.googleapis.com/v1/projects/madridloop/services/firebaseextensions.googleapis.com [omitted]
[warn] ⚠  extensions: missing required API firebaseextensions.googleapis.com. Enabling now... 
[debug] [2025-08-10T15:23:54.894Z] Checked if tokens are valid: true, expires at: 1754842240533
[debug] [2025-08-10T15:23:54.894Z] Checked if tokens are valid: true, expires at: 1754842240533
[debug] [2025-08-10T15:23:54.894Z] >>> [apiv2][query] POST https://serviceusage.googleapis.com/v1/projects/madridloop/services/firebaseextensions.googleapis.com:enable [none]
[debug] [2025-08-10T15:23:54.894Z] >>> [apiv2][(partial)header] POST https://serviceusage.googleapis.com/v1/projects/madridloop/services/firebaseextensions.googleapis.com:enable x-goog-quota-user=projects/madridloop
[debug] [2025-08-10T15:23:55.968Z] <<< [apiv2][status] POST https://serviceusage.googleapis.com/v1/projects/madridloop/services/firebaseextensions.googleapis.com:enable 200
[debug] [2025-08-10T15:23:55.969Z] <<< [apiv2][body] POST https://serviceusage.googleapis.com/v1/projects/madridloop/services/firebaseextensions.googleapis.com:enable [omitted]
[debug] [2025-08-10T15:24:05.982Z] > command requires scopes: ["email","openid","https://www.googleapis.com/auth/cloudplatformprojects.readonly","https://www.googleapis.com/auth/firebase","https://www.googleapis.com/auth/cloud-platform"]
[debug] [2025-08-10T15:24:05.983Z] > authorizing via signed-in user (aciprianlopez@gmail.com)
[debug] [2025-08-10T15:24:05.983Z] [iam] checking project madridloop for permissions ["firebase.projects.get","firebaseextensions.instances.list"]
[debug] [2025-08-10T15:24:05.984Z] Checked if tokens are valid: true, expires at: 1754842240533
[debug] [2025-08-10T15:24:05.984Z] Checked if tokens are valid: true, expires at: 1754842240533
[debug] [2025-08-10T15:24:05.984Z] >>> [apiv2][query] POST https://cloudresourcemanager.googleapis.com/v1/projects/madridloop:testIamPermissions [none]
[debug] [2025-08-10T15:24:05.984Z] >>> [apiv2][(partial)header] POST https://cloudresourcemanager.googleapis.com/v1/projects/madridloop:testIamPermissions x-goog-quota-user=projects/madridloop
[debug] [2025-08-10T15:24:05.984Z] >>> [apiv2][body] POST https://cloudresourcemanager.googleapis.com/v1/projects/madridloop:testIamPermissions {"permissions":["firebase.projects.get","firebaseextensions.instances.list"]}
[debug] [2025-08-10T15:24:06.668Z] <<< [apiv2][status] POST https://cloudresourcemanager.googleapis.com/v1/projects/madridloop:testIamPermissions 200
[debug] [2025-08-10T15:24:06.668Z] <<< [apiv2][body] POST https://cloudresourcemanager.googleapis.com/v1/projects/madridloop:testIamPermissions {"permissions":["firebase.projects.get","firebaseextensions.instances.list"]}
[debug] [2025-08-10T15:24:06.669Z] Checked if tokens are valid: true, expires at: 1754842240533
[debug] [2025-08-10T15:24:06.669Z] Checked if tokens are valid: true, expires at: 1754842240533
[debug] [2025-08-10T15:24:06.670Z] >>> [apiv2][query] GET https://firebaseextensions.googleapis.com/v1beta/projects/madridloop/instances pageSize=100&pageToken=
[debug] [2025-08-10T15:24:08.512Z] <<< [apiv2][status] GET https://firebaseextensions.googleapis.com/v1beta/projects/madridloop/instances 200
[debug] [2025-08-10T15:24:08.512Z] <<< [apiv2][body] GET https://firebaseextensions.googleapis.com/v1beta/projects/madridloop/instances {}
[info] i  functions: preparing functions directory for uploading... 
[info] i  functions: packaged /Users/alexciprianlopez/Developer/importantProjects/ProjectsForGit/MadridLoop/functions (84.62 KB) for uploading 
[debug] [2025-08-10T15:24:08.547Z] Checked if tokens are valid: true, expires at: 1754842240533
[debug] [2025-08-10T15:24:08.547Z] Checked if tokens are valid: true, expires at: 1754842240533
[debug] [2025-08-10T15:24:08.547Z] >>> [apiv2][query] GET https://cloudfunctions.googleapis.com/v1/projects/madridloop/locations/-/functions [none]
[debug] [2025-08-10T15:24:09.192Z] <<< [apiv2][status] GET https://cloudfunctions.googleapis.com/v1/projects/madridloop/locations/-/functions 200
[debug] [2025-08-10T15:24:09.192Z] <<< [apiv2][body] GET https://cloudfunctions.googleapis.com/v1/projects/madridloop/locations/-/functions {}
[debug] [2025-08-10T15:24:09.192Z] Checked if tokens are valid: true, expires at: 1754842240533
[debug] [2025-08-10T15:24:09.192Z] Checked if tokens are valid: true, expires at: 1754842240533
[debug] [2025-08-10T15:24:09.193Z] >>> [apiv2][query] GET https://cloudfunctions.googleapis.com/v2/projects/madridloop/locations/-/functions filter=environment%3D%22GEN_2%22
[debug] [2025-08-10T15:24:10.153Z] <<< [apiv2][status] GET https://cloudfunctions.googleapis.com/v2/projects/madridloop/locations/-/functions 200
[debug] [2025-08-10T15:24:10.153Z] <<< [apiv2][body] GET https://cloudfunctions.googleapis.com/v2/projects/madridloop/locations/-/functions {}
[info] i  functions: ensuring required API run.googleapis.com is enabled... 
[debug] [2025-08-10T15:24:10.157Z] Checked if tokens are valid: true, expires at: 1754842240533
[debug] [2025-08-10T15:24:10.157Z] Checked if tokens are valid: true, expires at: 1754842240533
[info] i  functions: ensuring required API eventarc.googleapis.com is enabled... 
[debug] [2025-08-10T15:24:10.157Z] Checked if tokens are valid: true, expires at: 1754842240533
[debug] [2025-08-10T15:24:10.157Z] Checked if tokens are valid: true, expires at: 1754842240533
[info] i  functions: ensuring required API pubsub.googleapis.com is enabled... 
[debug] [2025-08-10T15:24:10.157Z] Checked if tokens are valid: true, expires at: 1754842240533
[debug] [2025-08-10T15:24:10.157Z] Checked if tokens are valid: true, expires at: 1754842240533
[info] i  functions: ensuring required API storage.googleapis.com is enabled... 
[debug] [2025-08-10T15:24:10.158Z] Checked if tokens are valid: true, expires at: 1754842240533
[debug] [2025-08-10T15:24:10.158Z] Checked if tokens are valid: true, expires at: 1754842240533
[debug] [2025-08-10T15:24:10.158Z] >>> [apiv2][query] GET https://serviceusage.googleapis.com/v1/projects/391413214625/services/run.googleapis.com [none]
[debug] [2025-08-10T15:24:10.158Z] >>> [apiv2][(partial)header] GET https://serviceusage.googleapis.com/v1/projects/391413214625/services/run.googleapis.com x-goog-quota-user=projects/391413214625
[debug] [2025-08-10T15:24:10.159Z] >>> [apiv2][query] GET https://serviceusage.googleapis.com/v1/projects/391413214625/services/eventarc.googleapis.com [none]
[debug] [2025-08-10T15:24:10.159Z] >>> [apiv2][(partial)header] GET https://serviceusage.googleapis.com/v1/projects/391413214625/services/eventarc.googleapis.com x-goog-quota-user=projects/391413214625
[debug] [2025-08-10T15:24:10.160Z] >>> [apiv2][query] GET https://serviceusage.googleapis.com/v1/projects/391413214625/services/pubsub.googleapis.com [none]
[debug] [2025-08-10T15:24:10.160Z] >>> [apiv2][(partial)header] GET https://serviceusage.googleapis.com/v1/projects/391413214625/services/pubsub.googleapis.com x-goog-quota-user=projects/391413214625
[debug] [2025-08-10T15:24:10.161Z] >>> [apiv2][query] GET https://serviceusage.googleapis.com/v1/projects/391413214625/services/storage.googleapis.com [none]
[debug] [2025-08-10T15:24:10.161Z] >>> [apiv2][(partial)header] GET https://serviceusage.googleapis.com/v1/projects/391413214625/services/storage.googleapis.com x-goog-quota-user=projects/391413214625
[debug] [2025-08-10T15:24:10.945Z] <<< [apiv2][status] GET https://serviceusage.googleapis.com/v1/projects/391413214625/services/run.googleapis.com 200
[debug] [2025-08-10T15:24:10.945Z] <<< [apiv2][body] GET https://serviceusage.googleapis.com/v1/projects/391413214625/services/run.googleapis.com [omitted]
[warn] ⚠  functions: missing required API run.googleapis.com. Enabling now... 
[debug] [2025-08-10T15:24:10.945Z] Checked if tokens are valid: true, expires at: 1754842240533
[debug] [2025-08-10T15:24:10.945Z] Checked if tokens are valid: true, expires at: 1754842240533
[debug] [2025-08-10T15:24:10.945Z] >>> [apiv2][query] POST https://serviceusage.googleapis.com/v1/projects/391413214625/services/run.googleapis.com:enable [none]
[debug] [2025-08-10T15:24:10.946Z] >>> [apiv2][(partial)header] POST https://serviceusage.googleapis.com/v1/projects/391413214625/services/run.googleapis.com:enable x-goog-quota-user=projects/391413214625
[debug] [2025-08-10T15:24:10.953Z] <<< [apiv2][status] GET https://serviceusage.googleapis.com/v1/projects/391413214625/services/eventarc.googleapis.com 200
[debug] [2025-08-10T15:24:10.953Z] <<< [apiv2][body] GET https://serviceusage.googleapis.com/v1/projects/391413214625/services/eventarc.googleapis.com [omitted]
[warn] ⚠  functions: missing required API eventarc.googleapis.com. Enabling now... 
[debug] [2025-08-10T15:24:10.954Z] Checked if tokens are valid: true, expires at: 1754842240533
[debug] [2025-08-10T15:24:10.954Z] Checked if tokens are valid: true, expires at: 1754842240533
[debug] [2025-08-10T15:24:10.954Z] >>> [apiv2][query] POST https://serviceusage.googleapis.com/v1/projects/391413214625/services/eventarc.googleapis.com:enable [none]
[debug] [2025-08-10T15:24:10.954Z] >>> [apiv2][(partial)header] POST https://serviceusage.googleapis.com/v1/projects/391413214625/services/eventarc.googleapis.com:enable x-goog-quota-user=projects/391413214625
[debug] [2025-08-10T15:24:10.955Z] <<< [apiv2][status] GET https://serviceusage.googleapis.com/v1/projects/391413214625/services/pubsub.googleapis.com 200
[debug] [2025-08-10T15:24:10.955Z] <<< [apiv2][body] GET https://serviceusage.googleapis.com/v1/projects/391413214625/services/pubsub.googleapis.com [omitted]
[info] ✔  functions: required API pubsub.googleapis.com is enabled 
[debug] [2025-08-10T15:24:10.964Z] <<< [apiv2][status] GET https://serviceusage.googleapis.com/v1/projects/391413214625/services/storage.googleapis.com 200
[debug] [2025-08-10T15:24:10.964Z] <<< [apiv2][body] GET https://serviceusage.googleapis.com/v1/projects/391413214625/services/storage.googleapis.com [omitted]
[info] ✔  functions: required API storage.googleapis.com is enabled 
[debug] [2025-08-10T15:24:11.790Z] <<< [apiv2][status] POST https://serviceusage.googleapis.com/v1/projects/391413214625/services/eventarc.googleapis.com:enable 200
[debug] [2025-08-10T15:24:11.791Z] <<< [apiv2][body] POST https://serviceusage.googleapis.com/v1/projects/391413214625/services/eventarc.googleapis.com:enable [omitted]
[debug] [2025-08-10T15:24:12.606Z] <<< [apiv2][status] POST https://serviceusage.googleapis.com/v1/projects/391413214625/services/run.googleapis.com:enable 200
[debug] [2025-08-10T15:24:12.606Z] <<< [apiv2][body] POST https://serviceusage.googleapis.com/v1/projects/391413214625/services/run.googleapis.com:enable [omitted]
[info] i  functions: generating the service identity for pubsub.googleapis.com... 
[debug] [2025-08-10T15:24:22.616Z] Checked if tokens are valid: true, expires at: 1754842240533
[debug] [2025-08-10T15:24:22.616Z] Checked if tokens are valid: true, expires at: 1754842240533
[info] i  functions: generating the service identity for eventarc.googleapis.com... 
[debug] [2025-08-10T15:24:22.616Z] Checked if tokens are valid: true, expires at: 1754842240533
[debug] [2025-08-10T15:24:22.616Z] Checked if tokens are valid: true, expires at: 1754842240533
[debug] [2025-08-10T15:24:22.617Z] >>> [apiv2][query] POST https://serviceusage.googleapis.com/v1beta1/projects/391413214625/services/pubsub.googleapis.com:generateServiceIdentity [none]
[debug] [2025-08-10T15:24:22.617Z] >>> [apiv2][(partial)header] POST https://serviceusage.googleapis.com/v1beta1/projects/391413214625/services/pubsub.googleapis.com:generateServiceIdentity x-goog-quota-user=projects/391413214625
[debug] [2025-08-10T15:24:22.617Z] >>> [apiv2][body] POST https://serviceusage.googleapis.com/v1beta1/projects/391413214625/services/pubsub.googleapis.com:generateServiceIdentity {}
[debug] [2025-08-10T15:24:22.618Z] >>> [apiv2][query] POST https://serviceusage.googleapis.com/v1beta1/projects/391413214625/services/eventarc.googleapis.com:generateServiceIdentity [none]
[debug] [2025-08-10T15:24:22.618Z] >>> [apiv2][(partial)header] POST https://serviceusage.googleapis.com/v1beta1/projects/391413214625/services/eventarc.googleapis.com:generateServiceIdentity x-goog-quota-user=projects/391413214625
[debug] [2025-08-10T15:24:22.618Z] >>> [apiv2][body] POST https://serviceusage.googleapis.com/v1beta1/projects/391413214625/services/eventarc.googleapis.com:generateServiceIdentity {}
[debug] [2025-08-10T15:24:23.667Z] <<< [apiv2][status] POST https://serviceusage.googleapis.com/v1beta1/projects/391413214625/services/eventarc.googleapis.com:generateServiceIdentity 200
[debug] [2025-08-10T15:24:23.667Z] <<< [apiv2][body] POST https://serviceusage.googleapis.com/v1beta1/projects/391413214625/services/eventarc.googleapis.com:generateServiceIdentity {"name":"operations/finished.DONE_OPERATION","done":true,"response":{"@type":"type.googleapis.com/google.api.serviceusage.v1beta1.ServiceIdentity","email":"service-391413214625@gcp-sa-eventarc.iam.gserviceaccount.com","uniqueId":"101375794230598953214"}}
[debug] [2025-08-10T15:24:23.667Z] <<< [apiv2][status] POST https://serviceusage.googleapis.com/v1beta1/projects/391413214625/services/pubsub.googleapis.com:generateServiceIdentity 200
[debug] [2025-08-10T15:24:23.667Z] <<< [apiv2][body] POST https://serviceusage.googleapis.com/v1beta1/projects/391413214625/services/pubsub.googleapis.com:generateServiceIdentity {"name":"operations/finished.DONE_OPERATION","done":true,"response":{"@type":"type.googleapis.com/google.api.serviceusage.v1beta1.ServiceIdentity","email":"service-391413214625@gcp-sa-pubsub.iam.gserviceaccount.com","uniqueId":"110616636019620616845"}}
[debug] [2025-08-10T15:24:23.670Z] Checked if tokens are valid: true, expires at: 1754842240533
[debug] [2025-08-10T15:24:23.670Z] Checked if tokens are valid: true, expires at: 1754842240533
[debug] [2025-08-10T15:24:23.670Z] >>> [apiv2][query] GET https://cloudresourcemanager.googleapis.com/v1/projects/madridloop [none]
[debug] [2025-08-10T15:24:24.381Z] <<< [apiv2][status] GET https://cloudresourcemanager.googleapis.com/v1/projects/madridloop 200
[debug] [2025-08-10T15:24:24.381Z] <<< [apiv2][body] GET https://cloudresourcemanager.googleapis.com/v1/projects/madridloop {"projectNumber":"391413214625","projectId":"madridloop","lifecycleState":"ACTIVE","name":"MadridLoop","labels":{"firebase":"enabled","firebase-core":"disabled"},"createTime":"2025-07-28T09:04:12.428885Z"}
[debug] [2025-08-10T15:24:24.382Z] Checked if tokens are valid: true, expires at: 1754842240533
[debug] [2025-08-10T15:24:24.382Z] Checked if tokens are valid: true, expires at: 1754842240533
[debug] [2025-08-10T15:24:24.382Z] >>> [apiv2][query] GET https://compute.googleapis.com/compute/v1/projects/391413214625 [none]
[debug] [2025-08-10T15:24:24.583Z] <<< [apiv2][status] GET https://compute.googleapis.com/compute/v1/projects/391413214625 403
[debug] [2025-08-10T15:24:24.583Z] <<< [apiv2][body] GET https://compute.googleapis.com/compute/v1/projects/391413214625 {"error":{"code":403,"message":"Compute Engine API has not been used in project 391413214625 before or it is disabled. Enable it by visiting https://console.developers.google.com/apis/api/compute.googleapis.com/overview?project=391413214625 then retry. If you enabled this API recently, wait a few minutes for the action to propagate to our systems and retry.","errors":[{"message":"Compute Engine API has not been used in project 391413214625 before or it is disabled. Enable it by visiting https://console.developers.google.com/apis/api/compute.googleapis.com/overview?project=391413214625 then retry. If you enabled this API recently, wait a few minutes for the action to propagate to our systems and retry.","domain":"usageLimits","reason":"accessNotConfigured","extendedHelp":"https://console.developers.google.com"}],"status":"PERMISSION_DENIED","details":[{"@type":"type.googleapis.com/google.rpc.ErrorInfo","reason":"SERVICE_DISABLED","domain":"googleapis.com","metadata":{"service":"compute.googleapis.com","activationUrl":"https://console.developers.google.com/apis/api/compute.googleapis.com/overview?project=391413214625","serviceTitle":"Compute Engine API","containerInfo":"391413214625","consumer":"projects/391413214625"}},{"@type":"type.googleapis.com/google.rpc.LocalizedMessage","locale":"en-US","message":"Compute Engine API has not been used in project 391413214625 before or it is disabled. Enable it by visiting https://console.developers.google.com/apis/api/compute.googleapis.com/overview?project=391413214625 then retry. If you enabled this API recently, wait a few minutes for the action to propagate to our systems and retry."},{"@type":"type.googleapis.com/google.rpc.Help","links":[{"description":"Google developers console API activation","url":"https://console.developers.google.com/apis/api/compute.googleapis.com/overview?project=391413214625"}]}]}}
[debug] [2025-08-10T15:24:24.584Z] unable to look up default compute service account. Falling back to 391413214625-compute@developer.gserviceaccount.com. Error: {"name":"FirebaseError","children":[],"context":{"body":{"error":{"code":403,"message":"Compute Engine API has not been used in project 391413214625 before or it is disabled. Enable it by visiting https://console.developers.google.com/apis/api/compute.googleapis.com/overview?project=391413214625 then retry. If you enabled this API recently, wait a few minutes for the action to propagate to our systems and retry.","errors":[{"message":"Compute Engine API has not been used in project 391413214625 before or it is disabled. Enable it by visiting https://console.developers.google.com/apis/api/compute.googleapis.com/overview?project=391413214625 then retry. If you enabled this API recently, wait a few minutes for the action to propagate to our systems and retry.","domain":"usageLimits","reason":"accessNotConfigured","extendedHelp":"https://console.developers.google.com"}],"status":"PERMISSION_DENIED","details":[{"@type":"type.googleapis.com/google.rpc.ErrorInfo","reason":"SERVICE_DISABLED","domain":"googleapis.com","metadata":{"service":"compute.googleapis.com","activationUrl":"https://console.developers.google.com/apis/api/compute.googleapis.com/overview?project=391413214625","serviceTitle":"Compute Engine API","containerInfo":"391413214625","consumer":"projects/391413214625"}},{"@type":"type.googleapis.com/google.rpc.LocalizedMessage","locale":"en-US","message":"Compute Engine API has not been used in project 391413214625 before or it is disabled. Enable it by visiting https://console.developers.google.com/apis/api/compute.googleapis.com/overview?project=391413214625 then retry. If you enabled this API recently, wait a few minutes for the action to propagate to our systems and retry."},{"@type":"type.googleapis.com/google.rpc.Help","links":[{"description":"Google developers console API activation","url":"https://console.developers.google.com/apis/api/compute.googleapis.com/overview?project=391413214625"}]}]}},"response":{"statusCode":403}},"exit":1,"message":"Request to https://compute.googleapis.com/compute/v1/projects/391413214625 had HTTP Error: 403, Compute Engine API has not been used in project 391413214625 before or it is disabled. Enable it by visiting https://console.developers.google.com/apis/api/compute.googleapis.com/overview?project=391413214625 then retry. If you enabled this API recently, wait a few minutes for the action to propagate to our systems and retry.","status":403}
[debug] [2025-08-10T15:24:24.585Z] Checked if tokens are valid: true, expires at: 1754842240533
[debug] [2025-08-10T15:24:24.585Z] Checked if tokens are valid: true, expires at: 1754842240533
[debug] [2025-08-10T15:24:24.585Z] >>> [apiv2][query] GET https://cloudbilling.googleapis.com/v1/projects/madridloop/billingInfo [none]
[debug] [2025-08-10T15:24:24.867Z] <<< [apiv2][status] GET https://cloudbilling.googleapis.com/v1/projects/madridloop/billingInfo 200
[debug] [2025-08-10T15:24:24.867Z] <<< [apiv2][body] GET https://cloudbilling.googleapis.com/v1/projects/madridloop/billingInfo {"name":"projects/madridloop/billingInfo","projectId":"madridloop","billingAccountName":"billingAccounts/014BDC-EE85AC-9E2AD0","billingEnabled":true}
[debug] [2025-08-10T15:24:24.868Z] [functions] found 1 new HTTP functions, testing setIamPolicy permission...
[debug] [2025-08-10T15:24:24.868Z] Checked if tokens are valid: true, expires at: 1754842240533
[debug] [2025-08-10T15:24:24.868Z] Checked if tokens are valid: true, expires at: 1754842240533
[debug] [2025-08-10T15:24:24.868Z] >>> [apiv2][query] POST https://cloudresourcemanager.googleapis.com/v1/projects/madridloop:testIamPermissions [none]
[debug] [2025-08-10T15:24:24.868Z] >>> [apiv2][(partial)header] POST https://cloudresourcemanager.googleapis.com/v1/projects/madridloop:testIamPermissions x-goog-quota-user=projects/madridloop
[debug] [2025-08-10T15:24:24.868Z] >>> [apiv2][body] POST https://cloudresourcemanager.googleapis.com/v1/projects/madridloop:testIamPermissions {"permissions":["cloudfunctions.functions.setIamPolicy"]}
[debug] [2025-08-10T15:24:24.997Z] <<< [apiv2][status] POST https://cloudresourcemanager.googleapis.com/v1/projects/madridloop:testIamPermissions 200
[debug] [2025-08-10T15:24:24.997Z] <<< [apiv2][body] POST https://cloudresourcemanager.googleapis.com/v1/projects/madridloop:testIamPermissions {"permissions":["cloudfunctions.functions.setIamPolicy"]}
[debug] [2025-08-10T15:24:24.997Z] [functions] found setIamPolicy permission, proceeding with deploy
[debug] [2025-08-10T15:24:24.998Z] Checked if tokens are valid: true, expires at: 1754842240533
[debug] [2025-08-10T15:24:24.998Z] Checked if tokens are valid: true, expires at: 1754842240533
[debug] [2025-08-10T15:24:24.999Z] >>> [apiv2][query] POST https://cloudfunctions.googleapis.com/v2/projects/madridloop/locations/us-central1/functions:generateUploadUrl [none]
[debug] [2025-08-10T15:24:26.871Z] <<< [apiv2][status] POST https://cloudfunctions.googleapis.com/v2/projects/madridloop/locations/us-central1/functions:generateUploadUrl 200
[debug] [2025-08-10T15:24:26.871Z] <<< [apiv2][body] POST https://cloudfunctions.googleapis.com/v2/projects/madridloop/locations/us-central1/functions:generateUploadUrl {"uploadUrl":"https://storage.googleapis.com/gcf-v2-uploads-391413214625.us-central1.cloudfunctions.appspot.com/ca5cbc39-e8c2-407f-84fd-2aff345140b1.zip?GoogleAccessId=service-391413214625@gcf-admin-robot.iam.gserviceaccount.com&Expires=1754841266&Signature=uLYPqOqe59me4lYPl7itdGPw3%2Bwlq45Vz3GI96m3xWhZ%2B8W75g95hgxWRWsOL8Cy%2FfW0uhmMpy4s1TIQHDOqgDddYwkDmu7XIUDrRxbVACJopPTm6Vah9SmZPrzzCtDfEL%2FxCMdpxlp%2FICI%2FlDp5MjV2w8AUJATFGcuvhPxBc3oOFw%2FMApaGR2AdDS5%2FeiWrca7A97dQSCnsrE0dJ5bXEVHxKqP6GjHMjbWjrJ1j3KV8F%2FV3WtGf%2BoNYTS6w1N%2FdNAnQaddIAtVaInBPqahHKgTbonHpfgunz2iUK6jDfIR2ybm%2F6WcXF9wR7aRr8w3L76NgyOQDL0GO74BLNjM6dw%3D%3D","storageSource":{"bucket":"gcf-v2-uploads-391413214625.us-central1.cloudfunctions.appspot.com","object":"ca5cbc39-e8c2-407f-84fd-2aff345140b1.zip"}}
[debug] [2025-08-10T15:24:26.872Z] >>> [apiv2][query] PUT https://storage.googleapis.com/gcf-v2-uploads-391413214625.us-central1.cloudfunctions.appspot.com/ca5cbc39-e8c2-407f-84fd-2aff345140b1.zip GoogleAccessId=service-391413214625%40gcf-admin-robot.iam.gserviceaccount.com&Expires=1754841266&Signature=uLYPqOqe59me4lYPl7itdGPw3%2Bwlq45Vz3GI96m3xWhZ%2B8W75g95hgxWRWsOL8Cy%2FfW0uhmMpy4s1TIQHDOqgDddYwkDmu7XIUDrRxbVACJopPTm6Vah9SmZPrzzCtDfEL%2FxCMdpxlp%2FICI%2FlDp5MjV2w8AUJATFGcuvhPxBc3oOFw%2FMApaGR2AdDS5%2FeiWrca7A97dQSCnsrE0dJ5bXEVHxKqP6GjHMjbWjrJ1j3KV8F%2FV3WtGf%2BoNYTS6w1N%2FdNAnQaddIAtVaInBPqahHKgTbonHpfgunz2iUK6jDfIR2ybm%2F6WcXF9wR7aRr8w3L76NgyOQDL0GO74BLNjM6dw%3D%3D
[debug] [2025-08-10T15:24:26.872Z] >>> [apiv2][body] PUT https://storage.googleapis.com/gcf-v2-uploads-391413214625.us-central1.cloudfunctions.appspot.com/ca5cbc39-e8c2-407f-84fd-2aff345140b1.zip [stream]
[debug] [2025-08-10T15:24:27.833Z] <<< [apiv2][status] PUT https://storage.googleapis.com/gcf-v2-uploads-391413214625.us-central1.cloudfunctions.appspot.com/ca5cbc39-e8c2-407f-84fd-2aff345140b1.zip 200
[debug] [2025-08-10T15:24:27.833Z] <<< [apiv2][body] PUT https://storage.googleapis.com/gcf-v2-uploads-391413214625.us-central1.cloudfunctions.appspot.com/ca5cbc39-e8c2-407f-84fd-2aff345140b1.zip [omitted]
[info] ✔  functions: functions folder uploaded successfully 
[info] i  functions: creating Node.js 22 (2nd Gen) function checkAppVersion(us-central1)... 
[debug] [2025-08-10T15:24:27.837Z] Checked if tokens are valid: true, expires at: 1754842240533
[debug] [2025-08-10T15:24:27.838Z] Checked if tokens are valid: true, expires at: 1754842240533
[debug] [2025-08-10T15:24:27.838Z] >>> [apiv2][query] POST https://cloudfunctions.googleapis.com/v2/projects/madridloop/locations/us-central1/functions functionId=checkAppVersion
[debug] [2025-08-10T15:24:27.838Z] >>> [apiv2][body] POST https://cloudfunctions.googleapis.com/v2/projects/madridloop/locations/us-central1/functions {"name":"projects/madridloop/locations/us-central1/functions/checkAppVersion","buildConfig":{"runtime":"nodejs22","entryPoint":"checkAppVersion","source":{"storageSource":{"bucket":"gcf-v2-uploads-391413214625.us-central1.cloudfunctions.appspot.com","object":"ca5cbc39-e8c2-407f-84fd-2aff345140b1.zip"}},"environmentVariables":{"GOOGLE_NODE_RUN_SCRIPTS":""}},"serviceConfig":{"environmentVariables":{"FIREBASE_CONFIG":"{\"projectId\":\"madridloop\",\"storageBucket\":\"madridloop.firebasestorage.app\"}","GCLOUD_PROJECT":"madridloop","EVENTARC_CLOUD_EVENT_SOURCE":"projects/madridloop/locations/us-central1/services/checkAppVersion","FUNCTION_TARGET":"checkAppVersion","LOG_EXECUTION_ID":"true"},"ingressSettings":null,"timeoutSeconds":null,"serviceAccountEmail":null,"availableMemory":"256Mi","minInstanceCount":null,"maxInstanceCount":null,"maxInstanceRequestConcurrency":80,"availableCpu":"1","vpcConnector":null,"vpcConnectorEgressSettings":null},"labels":{"deployment-tool":"cli-firebase","firebase-functions-hash":"f9fc4f52700bc5dc72cc36fe55af034272a20c7f"}}
[debug] [2025-08-10T15:24:29.947Z] <<< [apiv2][status] POST https://cloudfunctions.googleapis.com/v2/projects/madridloop/locations/us-central1/functions 200
[debug] [2025-08-10T15:24:29.948Z] <<< [apiv2][body] POST https://cloudfunctions.googleapis.com/v2/projects/madridloop/locations/us-central1/functions {"name":"projects/madridloop/locations/us-central1/operations/operation-1754839468509-63c04672888cc-64a1c7da-deedf17f","metadata":{"@type":"type.googleapis.com/google.cloud.functions.v2.OperationMetadata","createTime":"2025-08-10T15:24:29.914567811Z","target":"projects/madridloop/locations/us-central1/functions/checkAppVersion","verb":"create","cancelRequested":false,"apiVersion":"v2"},"done":false}
[debug] [2025-08-10T15:24:29.949Z] Checked if tokens are valid: true, expires at: 1754842240533
[debug] [2025-08-10T15:24:29.949Z] Checked if tokens are valid: true, expires at: 1754842240533
[debug] [2025-08-10T15:24:29.949Z] >>> [apiv2][query] GET https://cloudfunctions.googleapis.com/v2/projects/madridloop/locations/us-central1/operations/operation-1754839468509-63c04672888cc-64a1c7da-deedf17f [none]
[debug] [2025-08-10T15:24:30.647Z] <<< [apiv2][status] GET https://cloudfunctions.googleapis.com/v2/projects/madridloop/locations/us-central1/operations/operation-1754839468509-63c04672888cc-64a1c7da-deedf17f 200
[debug] [2025-08-10T15:24:30.647Z] <<< [apiv2][body] GET https://cloudfunctions.googleapis.com/v2/projects/madridloop/locations/us-central1/operations/operation-1754839468509-63c04672888cc-64a1c7da-deedf17f {"name":"projects/madridloop/locations/us-central1/operations/operation-1754839468509-63c04672888cc-64a1c7da-deedf17f","metadata":{"@type":"type.googleapis.com/google.cloud.functions.v2.OperationMetadata","createTime":"2025-08-10T15:24:29.914567811Z","target":"projects/madridloop/locations/us-central1/functions/checkAppVersion","verb":"create","cancelRequested":false,"apiVersion":"v2","requestResource":{"@type":"type.googleapis.com/google.cloud.functions.v2.Function","name":"projects/madridloop/locations/us-central1/functions/checkAppVersion","buildConfig":{"runtime":"nodejs22","entryPoint":"checkAppVersion","source":{"storageSource":{"bucket":"gcf-v2-sources-391413214625-us-central1","object":"checkAppVersion/function-source.zip","generation":"1754839469563089"}},"environmentVariables":{"GOOGLE_NODE_RUN_SCRIPTS":""},"serviceAccount":"projects/madridloop/serviceAccounts/391413214625-compute@developer.gserviceaccount.com","automaticUpdatePolicy":{}},"serviceConfig":{"service":"projects/madridloop/locations/us-central1/services/checkappversion","timeoutSeconds":60,"environmentVariables":{"FIREBASE_CONFIG":"{\"projectId\":\"madridloop\",\"storageBucket\":\"madridloop.firebasestorage.app\"}","GCLOUD_PROJECT":"madridloop","EVENTARC_CLOUD_EVENT_SOURCE":"projects/madridloop/locations/us-central1/services/checkAppVersion","FUNCTION_TARGET":"checkAppVersion","LOG_EXECUTION_ID":"true"},"ingressSettings":"ALLOW_ALL","serviceAccountEmail":"391413214625-compute@developer.gserviceaccount.com","availableMemory":"256Mi","maxInstanceRequestConcurrency":80,"availableCpu":"1"},"labels":{"deployment-tool":"cli-firebase","firebase-functions-hash":"f9fc4f52700bc5dc72cc36fe55af034272a20c7f"},"environment":"GEN_2"},"stages":[{"name":"BUILD","state":"NOT_STARTED"},{"name":"SERVICE","state":"NOT_STARTED"}],"operationType":"CREATE_FUNCTION"},"done":false}
[debug] [2025-08-10T15:24:31.148Z] [create-default-us-central1-checkAppVersion] Retrying task index 0
[debug] [2025-08-10T15:24:31.148Z] Checked if tokens are valid: true, expires at: 1754842240533
[debug] [2025-08-10T15:24:31.148Z] Checked if tokens are valid: true, expires at: 1754842240533
[debug] [2025-08-10T15:24:31.149Z] >>> [apiv2][query] GET https://cloudfunctions.googleapis.com/v2/projects/madridloop/locations/us-central1/operations/operation-1754839468509-63c04672888cc-64a1c7da-deedf17f [none]
[debug] [2025-08-10T15:24:31.845Z] <<< [apiv2][status] GET https://cloudfunctions.googleapis.com/v2/projects/madridloop/locations/us-central1/operations/operation-1754839468509-63c04672888cc-64a1c7da-deedf17f 200
[debug] [2025-08-10T15:24:31.846Z] <<< [apiv2][body] GET https://cloudfunctions.googleapis.com/v2/projects/madridloop/locations/us-central1/operations/operation-1754839468509-63c04672888cc-64a1c7da-deedf17f {"name":"projects/madridloop/locations/us-central1/operations/operation-1754839468509-63c04672888cc-64a1c7da-deedf17f","metadata":{"@type":"type.googleapis.com/google.cloud.functions.v2.OperationMetadata","createTime":"2025-08-10T15:24:29.914567811Z","target":"projects/madridloop/locations/us-central1/functions/checkAppVersion","verb":"create","cancelRequested":false,"apiVersion":"v2","requestResource":{"@type":"type.googleapis.com/google.cloud.functions.v2.Function","name":"projects/madridloop/locations/us-central1/functions/checkAppVersion","buildConfig":{"runtime":"nodejs22","entryPoint":"checkAppVersion","source":{"storageSource":{"bucket":"gcf-v2-sources-391413214625-us-central1","object":"checkAppVersion/function-source.zip","generation":"1754839469563089"}},"environmentVariables":{"GOOGLE_NODE_RUN_SCRIPTS":""},"serviceAccount":"projects/madridloop/serviceAccounts/391413214625-compute@developer.gserviceaccount.com","automaticUpdatePolicy":{}},"serviceConfig":{"service":"projects/madridloop/locations/us-central1/services/checkappversion","timeoutSeconds":60,"environmentVariables":{"FIREBASE_CONFIG":"{\"projectId\":\"madridloop\",\"storageBucket\":\"madridloop.firebasestorage.app\"}","GCLOUD_PROJECT":"madridloop","EVENTARC_CLOUD_EVENT_SOURCE":"projects/madridloop/locations/us-central1/services/checkAppVersion","FUNCTION_TARGET":"checkAppVersion","LOG_EXECUTION_ID":"true"},"ingressSettings":"ALLOW_ALL","serviceAccountEmail":"391413214625-compute@developer.gserviceaccount.com","availableMemory":"256Mi","maxInstanceRequestConcurrency":80,"availableCpu":"1"},"labels":{"deployment-tool":"cli-firebase","firebase-functions-hash":"f9fc4f52700bc5dc72cc36fe55af034272a20c7f"},"environment":"GEN_2"},"stages":[{"name":"BUILD","state":"NOT_STARTED"},{"name":"SERVICE","state":"NOT_STARTED"}],"operationType":"CREATE_FUNCTION"},"done":false}
[debug] [2025-08-10T15:24:32.847Z] [create-default-us-central1-checkAppVersion] Retrying task index 0
[debug] [2025-08-10T15:24:32.848Z] Checked if tokens are valid: true, expires at: 1754842240533
[debug] [2025-08-10T15:24:32.848Z] Checked if tokens are valid: true, expires at: 1754842240533
[debug] [2025-08-10T15:24:32.848Z] >>> [apiv2][query] GET https://cloudfunctions.googleapis.com/v2/projects/madridloop/locations/us-central1/operations/operation-1754839468509-63c04672888cc-64a1c7da-deedf17f [none]
[debug] [2025-08-10T15:24:33.703Z] <<< [apiv2][status] GET https://cloudfunctions.googleapis.com/v2/projects/madridloop/locations/us-central1/operations/operation-1754839468509-63c04672888cc-64a1c7da-deedf17f 200
[debug] [2025-08-10T15:24:33.703Z] <<< [apiv2][body] GET https://cloudfunctions.googleapis.com/v2/projects/madridloop/locations/us-central1/operations/operation-1754839468509-63c04672888cc-64a1c7da-deedf17f {"name":"projects/madridloop/locations/us-central1/operations/operation-1754839468509-63c04672888cc-64a1c7da-deedf17f","metadata":{"@type":"type.googleapis.com/google.cloud.functions.v2.OperationMetadata","createTime":"2025-08-10T15:24:29.914567811Z","target":"projects/madridloop/locations/us-central1/functions/checkAppVersion","verb":"create","cancelRequested":false,"apiVersion":"v2","requestResource":{"@type":"type.googleapis.com/google.cloud.functions.v2.Function","name":"projects/madridloop/locations/us-central1/functions/checkAppVersion","buildConfig":{"runtime":"nodejs22","entryPoint":"checkAppVersion","source":{"storageSource":{"bucket":"gcf-v2-sources-391413214625-us-central1","object":"checkAppVersion/function-source.zip","generation":"1754839469563089"}},"environmentVariables":{"GOOGLE_NODE_RUN_SCRIPTS":""},"serviceAccount":"projects/madridloop/serviceAccounts/391413214625-compute@developer.gserviceaccount.com","automaticUpdatePolicy":{}},"serviceConfig":{"service":"projects/madridloop/locations/us-central1/services/checkappversion","timeoutSeconds":60,"environmentVariables":{"FIREBASE_CONFIG":"{\"projectId\":\"madridloop\",\"storageBucket\":\"madridloop.firebasestorage.app\"}","GCLOUD_PROJECT":"madridloop","EVENTARC_CLOUD_EVENT_SOURCE":"projects/madridloop/locations/us-central1/services/checkAppVersion","FUNCTION_TARGET":"checkAppVersion","LOG_EXECUTION_ID":"true"},"ingressSettings":"ALLOW_ALL","serviceAccountEmail":"391413214625-compute@developer.gserviceaccount.com","availableMemory":"256Mi","maxInstanceRequestConcurrency":80,"availableCpu":"1"},"labels":{"deployment-tool":"cli-firebase","firebase-functions-hash":"f9fc4f52700bc5dc72cc36fe55af034272a20c7f"},"environment":"GEN_2"},"stages":[{"name":"BUILD","state":"NOT_STARTED"},{"name":"SERVICE","state":"NOT_STARTED"}],"operationType":"CREATE_FUNCTION"},"done":false}
[debug] [2025-08-10T15:24:35.705Z] [create-default-us-central1-checkAppVersion] Retrying task index 0
[debug] [2025-08-10T15:24:35.705Z] Checked if tokens are valid: true, expires at: 1754842240533
[debug] [2025-08-10T15:24:35.706Z] Checked if tokens are valid: true, expires at: 1754842240533
[debug] [2025-08-10T15:24:35.706Z] >>> [apiv2][query] GET https://cloudfunctions.googleapis.com/v2/projects/madridloop/locations/us-central1/operations/operation-1754839468509-63c04672888cc-64a1c7da-deedf17f [none]
[debug] [2025-08-10T15:24:36.467Z] <<< [apiv2][status] GET https://cloudfunctions.googleapis.com/v2/projects/madridloop/locations/us-central1/operations/operation-1754839468509-63c04672888cc-64a1c7da-deedf17f 200
[debug] [2025-08-10T15:24:36.468Z] <<< [apiv2][body] GET https://cloudfunctions.googleapis.com/v2/projects/madridloop/locations/us-central1/operations/operation-1754839468509-63c04672888cc-64a1c7da-deedf17f {"name":"projects/madridloop/locations/us-central1/operations/operation-1754839468509-63c04672888cc-64a1c7da-deedf17f","metadata":{"@type":"type.googleapis.com/google.cloud.functions.v2.OperationMetadata","createTime":"2025-08-10T15:24:29.914567811Z","target":"projects/madridloop/locations/us-central1/functions/checkAppVersion","verb":"create","cancelRequested":false,"apiVersion":"v2","requestResource":{"@type":"type.googleapis.com/google.cloud.functions.v2.Function","name":"projects/madridloop/locations/us-central1/functions/checkAppVersion","buildConfig":{"runtime":"nodejs22","entryPoint":"checkAppVersion","source":{"storageSource":{"bucket":"gcf-v2-sources-391413214625-us-central1","object":"checkAppVersion/function-source.zip","generation":"1754839469563089"}},"environmentVariables":{"GOOGLE_NODE_RUN_SCRIPTS":""},"serviceAccount":"projects/madridloop/serviceAccounts/391413214625-compute@developer.gserviceaccount.com","automaticUpdatePolicy":{}},"serviceConfig":{"service":"projects/madridloop/locations/us-central1/services/checkappversion","timeoutSeconds":60,"environmentVariables":{"FIREBASE_CONFIG":"{\"projectId\":\"madridloop\",\"storageBucket\":\"madridloop.firebasestorage.app\"}","GCLOUD_PROJECT":"madridloop","EVENTARC_CLOUD_EVENT_SOURCE":"projects/madridloop/locations/us-central1/services/checkAppVersion","FUNCTION_TARGET":"checkAppVersion","LOG_EXECUTION_ID":"true"},"ingressSettings":"ALLOW_ALL","serviceAccountEmail":"391413214625-compute@developer.gserviceaccount.com","availableMemory":"256Mi","maxInstanceRequestConcurrency":80,"availableCpu":"1"},"labels":{"deployment-tool":"cli-firebase","firebase-functions-hash":"f9fc4f52700bc5dc72cc36fe55af034272a20c7f"},"environment":"GEN_2"},"stages":[{"name":"BUILD","state":"NOT_STARTED"},{"name":"SERVICE","state":"NOT_STARTED"}],"operationType":"CREATE_FUNCTION"},"done":false}
[debug] [2025-08-10T15:24:40.470Z] [create-default-us-central1-checkAppVersion] Retrying task index 0
[debug] [2025-08-10T15:24:40.470Z] Checked if tokens are valid: true, expires at: 1754842240533
[debug] [2025-08-10T15:24:40.470Z] Checked if tokens are valid: true, expires at: 1754842240533
[debug] [2025-08-10T15:24:40.470Z] >>> [apiv2][query] GET https://cloudfunctions.googleapis.com/v2/projects/madridloop/locations/us-central1/operations/operation-1754839468509-63c04672888cc-64a1c7da-deedf17f [none]
[debug] [2025-08-10T15:24:41.135Z] <<< [apiv2][status] GET https://cloudfunctions.googleapis.com/v2/projects/madridloop/locations/us-central1/operations/operation-1754839468509-63c04672888cc-64a1c7da-deedf17f 200
[debug] [2025-08-10T15:24:41.135Z] <<< [apiv2][body] GET https://cloudfunctions.googleapis.com/v2/projects/madridloop/locations/us-central1/operations/operation-1754839468509-63c04672888cc-64a1c7da-deedf17f {"name":"projects/madridloop/locations/us-central1/operations/operation-1754839468509-63c04672888cc-64a1c7da-deedf17f","metadata":{"@type":"type.googleapis.com/google.cloud.functions.v2.OperationMetadata","createTime":"2025-08-10T15:24:29.914567811Z","target":"projects/madridloop/locations/us-central1/functions/checkAppVersion","verb":"create","cancelRequested":false,"apiVersion":"v2","requestResource":{"@type":"type.googleapis.com/google.cloud.functions.v2.Function","name":"projects/madridloop/locations/us-central1/functions/checkAppVersion","buildConfig":{"runtime":"nodejs22","entryPoint":"checkAppVersion","source":{"storageSource":{"bucket":"gcf-v2-sources-391413214625-us-central1","object":"checkAppVersion/function-source.zip","generation":"1754839469563089"}},"environmentVariables":{"GOOGLE_NODE_RUN_SCRIPTS":""},"serviceAccount":"projects/madridloop/serviceAccounts/391413214625-compute@developer.gserviceaccount.com","automaticUpdatePolicy":{}},"serviceConfig":{"service":"projects/madridloop/locations/us-central1/services/checkappversion","timeoutSeconds":60,"environmentVariables":{"FIREBASE_CONFIG":"{\"projectId\":\"madridloop\",\"storageBucket\":\"madridloop.firebasestorage.app\"}","GCLOUD_PROJECT":"madridloop","EVENTARC_CLOUD_EVENT_SOURCE":"projects/madridloop/locations/us-central1/services/checkAppVersion","FUNCTION_TARGET":"checkAppVersion","LOG_EXECUTION_ID":"true"},"ingressSettings":"ALLOW_ALL","serviceAccountEmail":"391413214625-compute@developer.gserviceaccount.com","availableMemory":"256Mi","maxInstanceRequestConcurrency":80,"availableCpu":"1"},"labels":{"deployment-tool":"cli-firebase","firebase-functions-hash":"f9fc4f52700bc5dc72cc36fe55af034272a20c7f"},"environment":"GEN_2"},"stages":[{"name":"BUILD","message":"Build in progress","state":"IN_PROGRESS","resource":"projects/391413214625/locations/us-central1/builds/102fcb3e-1d29-44de-8e1f-1feaa84d7c75","resourceUri":"https://console.cloud.google.com/cloud-build/builds;region=us-central1/102fcb3e-1d29-44de-8e1f-1feaa84d7c75?project=391413214625"},{"name":"SERVICE","state":"NOT_STARTED"}],"operationType":"CREATE_FUNCTION","buildName":"projects/391413214625/locations/us-central1/builds/102fcb3e-1d29-44de-8e1f-1feaa84d7c75"},"done":false}
[debug] [2025-08-10T15:24:49.136Z] [create-default-us-central1-checkAppVersion] Retrying task index 0
[debug] [2025-08-10T15:24:49.137Z] Checked if tokens are valid: true, expires at: 1754842240533
[debug] [2025-08-10T15:24:49.137Z] Checked if tokens are valid: true, expires at: 1754842240533
[debug] [2025-08-10T15:24:49.137Z] >>> [apiv2][query] GET https://cloudfunctions.googleapis.com/v2/projects/madridloop/locations/us-central1/operations/operation-1754839468509-63c04672888cc-64a1c7da-deedf17f [none]
[debug] [2025-08-10T15:24:49.911Z] <<< [apiv2][status] GET https://cloudfunctions.googleapis.com/v2/projects/madridloop/locations/us-central1/operations/operation-1754839468509-63c04672888cc-64a1c7da-deedf17f 200
[debug] [2025-08-10T15:24:49.911Z] <<< [apiv2][body] GET https://cloudfunctions.googleapis.com/v2/projects/madridloop/locations/us-central1/operations/operation-1754839468509-63c04672888cc-64a1c7da-deedf17f {"name":"projects/madridloop/locations/us-central1/operations/operation-1754839468509-63c04672888cc-64a1c7da-deedf17f","metadata":{"@type":"type.googleapis.com/google.cloud.functions.v2.OperationMetadata","createTime":"2025-08-10T15:24:29.914567811Z","target":"projects/madridloop/locations/us-central1/functions/checkAppVersion","verb":"create","cancelRequested":false,"apiVersion":"v2","requestResource":{"@type":"type.googleapis.com/google.cloud.functions.v2.Function","name":"projects/madridloop/locations/us-central1/functions/checkAppVersion","buildConfig":{"runtime":"nodejs22","entryPoint":"checkAppVersion","source":{"storageSource":{"bucket":"gcf-v2-sources-391413214625-us-central1","object":"checkAppVersion/function-source.zip","generation":"1754839469563089"}},"environmentVariables":{"GOOGLE_NODE_RUN_SCRIPTS":""},"serviceAccount":"projects/madridloop/serviceAccounts/391413214625-compute@developer.gserviceaccount.com","automaticUpdatePolicy":{}},"serviceConfig":{"service":"projects/madridloop/locations/us-central1/services/checkappversion","timeoutSeconds":60,"environmentVariables":{"FIREBASE_CONFIG":"{\"projectId\":\"madridloop\",\"storageBucket\":\"madridloop.firebasestorage.app\"}","GCLOUD_PROJECT":"madridloop","EVENTARC_CLOUD_EVENT_SOURCE":"projects/madridloop/locations/us-central1/services/checkAppVersion","FUNCTION_TARGET":"checkAppVersion","LOG_EXECUTION_ID":"true"},"ingressSettings":"ALLOW_ALL","serviceAccountEmail":"391413214625-compute@developer.gserviceaccount.com","availableMemory":"256Mi","maxInstanceRequestConcurrency":80,"availableCpu":"1"},"labels":{"deployment-tool":"cli-firebase","firebase-functions-hash":"f9fc4f52700bc5dc72cc36fe55af034272a20c7f"},"environment":"GEN_2"},"stages":[{"name":"BUILD","message":"Build in progress","state":"IN_PROGRESS","resource":"projects/391413214625/locations/us-central1/builds/102fcb3e-1d29-44de-8e1f-1feaa84d7c75","resourceUri":"https://console.cloud.google.com/cloud-build/builds;region=us-central1/102fcb3e-1d29-44de-8e1f-1feaa84d7c75?project=391413214625"},{"name":"SERVICE","state":"NOT_STARTED"}],"operationType":"CREATE_FUNCTION","buildName":"projects/391413214625/locations/us-central1/builds/102fcb3e-1d29-44de-8e1f-1feaa84d7c75"},"done":false}
[debug] [2025-08-10T15:24:59.913Z] [create-default-us-central1-checkAppVersion] Retrying task index 0
[debug] [2025-08-10T15:24:59.913Z] Checked if tokens are valid: true, expires at: 1754842240533
[debug] [2025-08-10T15:24:59.913Z] Checked if tokens are valid: true, expires at: 1754842240533
[debug] [2025-08-10T15:24:59.913Z] >>> [apiv2][query] GET https://cloudfunctions.googleapis.com/v2/projects/madridloop/locations/us-central1/operations/operation-1754839468509-63c04672888cc-64a1c7da-deedf17f [none]
[debug] [2025-08-10T15:25:00.736Z] <<< [apiv2][status] GET https://cloudfunctions.googleapis.com/v2/projects/madridloop/locations/us-central1/operations/operation-1754839468509-63c04672888cc-64a1c7da-deedf17f 200
[debug] [2025-08-10T15:25:00.737Z] <<< [apiv2][body] GET https://cloudfunctions.googleapis.com/v2/projects/madridloop/locations/us-central1/operations/operation-1754839468509-63c04672888cc-64a1c7da-deedf17f {"name":"projects/madridloop/locations/us-central1/operations/operation-1754839468509-63c04672888cc-64a1c7da-deedf17f","metadata":{"@type":"type.googleapis.com/google.cloud.functions.v2.OperationMetadata","createTime":"2025-08-10T15:24:29.914567811Z","target":"projects/madridloop/locations/us-central1/functions/checkAppVersion","verb":"create","cancelRequested":false,"apiVersion":"v2","requestResource":{"@type":"type.googleapis.com/google.cloud.functions.v2.Function","name":"projects/madridloop/locations/us-central1/functions/checkAppVersion","buildConfig":{"runtime":"nodejs22","entryPoint":"checkAppVersion","source":{"storageSource":{"bucket":"gcf-v2-sources-391413214625-us-central1","object":"checkAppVersion/function-source.zip","generation":"1754839469563089"}},"environmentVariables":{"GOOGLE_NODE_RUN_SCRIPTS":""},"serviceAccount":"projects/madridloop/serviceAccounts/391413214625-compute@developer.gserviceaccount.com","automaticUpdatePolicy":{}},"serviceConfig":{"service":"projects/madridloop/locations/us-central1/services/checkappversion","timeoutSeconds":60,"environmentVariables":{"FIREBASE_CONFIG":"{\"projectId\":\"madridloop\",\"storageBucket\":\"madridloop.firebasestorage.app\"}","GCLOUD_PROJECT":"madridloop","EVENTARC_CLOUD_EVENT_SOURCE":"projects/madridloop/locations/us-central1/services/checkAppVersion","FUNCTION_TARGET":"checkAppVersion","LOG_EXECUTION_ID":"true"},"ingressSettings":"ALLOW_ALL","serviceAccountEmail":"391413214625-compute@developer.gserviceaccount.com","availableMemory":"256Mi","maxInstanceRequestConcurrency":80,"availableCpu":"1"},"labels":{"deployment-tool":"cli-firebase","firebase-functions-hash":"f9fc4f52700bc5dc72cc36fe55af034272a20c7f"},"environment":"GEN_2"},"stages":[{"name":"BUILD","message":"Build in progress","state":"IN_PROGRESS","resource":"projects/391413214625/locations/us-central1/builds/102fcb3e-1d29-44de-8e1f-1feaa84d7c75","resourceUri":"https://console.cloud.google.com/cloud-build/builds;region=us-central1/102fcb3e-1d29-44de-8e1f-1feaa84d7c75?project=391413214625"},{"name":"SERVICE","state":"NOT_STARTED"}],"operationType":"CREATE_FUNCTION","buildName":"projects/391413214625/locations/us-central1/builds/102fcb3e-1d29-44de-8e1f-1feaa84d7c75"},"done":false}
[debug] [2025-08-10T15:25:10.737Z] [create-default-us-central1-checkAppVersion] Retrying task index 0
[debug] [2025-08-10T15:25:10.737Z] Checked if tokens are valid: true, expires at: 1754842240533
[debug] [2025-08-10T15:25:10.737Z] Checked if tokens are valid: true, expires at: 1754842240533
[debug] [2025-08-10T15:25:10.737Z] >>> [apiv2][query] GET https://cloudfunctions.googleapis.com/v2/projects/madridloop/locations/us-central1/operations/operation-1754839468509-63c04672888cc-64a1c7da-deedf17f [none]
[debug] [2025-08-10T15:25:11.575Z] <<< [apiv2][status] GET https://cloudfunctions.googleapis.com/v2/projects/madridloop/locations/us-central1/operations/operation-1754839468509-63c04672888cc-64a1c7da-deedf17f 200
[debug] [2025-08-10T15:25:11.575Z] <<< [apiv2][body] GET https://cloudfunctions.googleapis.com/v2/projects/madridloop/locations/us-central1/operations/operation-1754839468509-63c04672888cc-64a1c7da-deedf17f {"name":"projects/madridloop/locations/us-central1/operations/operation-1754839468509-63c04672888cc-64a1c7da-deedf17f","metadata":{"@type":"type.googleapis.com/google.cloud.functions.v2.OperationMetadata","createTime":"2025-08-10T15:24:29.914567811Z","target":"projects/madridloop/locations/us-central1/functions/checkAppVersion","verb":"create","cancelRequested":false,"apiVersion":"v2","requestResource":{"@type":"type.googleapis.com/google.cloud.functions.v2.Function","name":"projects/madridloop/locations/us-central1/functions/checkAppVersion","buildConfig":{"runtime":"nodejs22","entryPoint":"checkAppVersion","source":{"storageSource":{"bucket":"gcf-v2-sources-391413214625-us-central1","object":"checkAppVersion/function-source.zip","generation":"1754839469563089"}},"environmentVariables":{"GOOGLE_NODE_RUN_SCRIPTS":""},"serviceAccount":"projects/madridloop/serviceAccounts/391413214625-compute@developer.gserviceaccount.com","automaticUpdatePolicy":{}},"serviceConfig":{"service":"projects/madridloop/locations/us-central1/services/checkappversion","timeoutSeconds":60,"environmentVariables":{"FIREBASE_CONFIG":"{\"projectId\":\"madridloop\",\"storageBucket\":\"madridloop.firebasestorage.app\"}","GCLOUD_PROJECT":"madridloop","EVENTARC_CLOUD_EVENT_SOURCE":"projects/madridloop/locations/us-central1/services/checkAppVersion","FUNCTION_TARGET":"checkAppVersion","LOG_EXECUTION_ID":"true"},"ingressSettings":"ALLOW_ALL","serviceAccountEmail":"391413214625-compute@developer.gserviceaccount.com","availableMemory":"256Mi","maxInstanceRequestConcurrency":80,"availableCpu":"1"},"labels":{"deployment-tool":"cli-firebase","firebase-functions-hash":"f9fc4f52700bc5dc72cc36fe55af034272a20c7f"},"environment":"GEN_2"},"stages":[{"name":"BUILD","message":"Build in progress","state":"IN_PROGRESS","resource":"projects/391413214625/locations/us-central1/builds/102fcb3e-1d29-44de-8e1f-1feaa84d7c75","resourceUri":"https://console.cloud.google.com/cloud-build/builds;region=us-central1/102fcb3e-1d29-44de-8e1f-1feaa84d7c75?project=391413214625"},{"name":"SERVICE","state":"NOT_STARTED"}],"operationType":"CREATE_FUNCTION","buildName":"projects/391413214625/locations/us-central1/builds/102fcb3e-1d29-44de-8e1f-1feaa84d7c75"},"done":false}
[debug] [2025-08-10T15:25:21.577Z] [create-default-us-central1-checkAppVersion] Retrying task index 0
[debug] [2025-08-10T15:25:21.577Z] Checked if tokens are valid: true, expires at: 1754842240533
[debug] [2025-08-10T15:25:21.577Z] Checked if tokens are valid: true, expires at: 1754842240533
[debug] [2025-08-10T15:25:21.577Z] >>> [apiv2][query] GET https://cloudfunctions.googleapis.com/v2/projects/madridloop/locations/us-central1/operations/operation-1754839468509-63c04672888cc-64a1c7da-deedf17f [none]
[debug] [2025-08-10T15:25:22.318Z] <<< [apiv2][status] GET https://cloudfunctions.googleapis.com/v2/projects/madridloop/locations/us-central1/operations/operation-1754839468509-63c04672888cc-64a1c7da-deedf17f 200
[debug] [2025-08-10T15:25:22.319Z] <<< [apiv2][body] GET https://cloudfunctions.googleapis.com/v2/projects/madridloop/locations/us-central1/operations/operation-1754839468509-63c04672888cc-64a1c7da-deedf17f {"name":"projects/madridloop/locations/us-central1/operations/operation-1754839468509-63c04672888cc-64a1c7da-deedf17f","metadata":{"@type":"type.googleapis.com/google.cloud.functions.v2.OperationMetadata","createTime":"2025-08-10T15:24:29.914567811Z","target":"projects/madridloop/locations/us-central1/functions/checkAppVersion","verb":"create","cancelRequested":false,"apiVersion":"v2","requestResource":{"@type":"type.googleapis.com/google.cloud.functions.v2.Function","name":"projects/madridloop/locations/us-central1/functions/checkAppVersion","buildConfig":{"runtime":"nodejs22","entryPoint":"checkAppVersion","source":{"storageSource":{"bucket":"gcf-v2-sources-391413214625-us-central1","object":"checkAppVersion/function-source.zip","generation":"1754839469563089"}},"environmentVariables":{"GOOGLE_NODE_RUN_SCRIPTS":""},"serviceAccount":"projects/madridloop/serviceAccounts/391413214625-compute@developer.gserviceaccount.com","automaticUpdatePolicy":{}},"serviceConfig":{"service":"projects/madridloop/locations/us-central1/services/checkappversion","timeoutSeconds":60,"environmentVariables":{"FIREBASE_CONFIG":"{\"projectId\":\"madridloop\",\"storageBucket\":\"madridloop.firebasestorage.app\"}","GCLOUD_PROJECT":"madridloop","EVENTARC_CLOUD_EVENT_SOURCE":"projects/madridloop/locations/us-central1/services/checkAppVersion","FUNCTION_TARGET":"checkAppVersion","LOG_EXECUTION_ID":"true"},"ingressSettings":"ALLOW_ALL","serviceAccountEmail":"391413214625-compute@developer.gserviceaccount.com","availableMemory":"256Mi","maxInstanceRequestConcurrency":80,"availableCpu":"1"},"labels":{"deployment-tool":"cli-firebase","firebase-functions-hash":"f9fc4f52700bc5dc72cc36fe55af034272a20c7f"},"environment":"GEN_2"},"stages":[{"name":"BUILD","message":"Build in progress","state":"IN_PROGRESS","resource":"projects/391413214625/locations/us-central1/builds/102fcb3e-1d29-44de-8e1f-1feaa84d7c75","resourceUri":"https://console.cloud.google.com/cloud-build/builds;region=us-central1/102fcb3e-1d29-44de-8e1f-1feaa84d7c75?project=391413214625"},{"name":"SERVICE","state":"NOT_STARTED"}],"operationType":"CREATE_FUNCTION","buildName":"projects/391413214625/locations/us-central1/builds/102fcb3e-1d29-44de-8e1f-1feaa84d7c75"},"done":false}
[debug] [2025-08-10T15:25:32.321Z] [create-default-us-central1-checkAppVersion] Retrying task index 0
[debug] [2025-08-10T15:25:32.322Z] Checked if tokens are valid: true, expires at: 1754842240533
[debug] [2025-08-10T15:25:32.322Z] Checked if tokens are valid: true, expires at: 1754842240533
[debug] [2025-08-10T15:25:32.322Z] >>> [apiv2][query] GET https://cloudfunctions.googleapis.com/v2/projects/madridloop/locations/us-central1/operations/operation-1754839468509-63c04672888cc-64a1c7da-deedf17f [none]
[debug] [2025-08-10T15:25:33.063Z] <<< [apiv2][status] GET https://cloudfunctions.googleapis.com/v2/projects/madridloop/locations/us-central1/operations/operation-1754839468509-63c04672888cc-64a1c7da-deedf17f 200
[debug] [2025-08-10T15:25:33.063Z] <<< [apiv2][body] GET https://cloudfunctions.googleapis.com/v2/projects/madridloop/locations/us-central1/operations/operation-1754839468509-63c04672888cc-64a1c7da-deedf17f {"name":"projects/madridloop/locations/us-central1/operations/operation-1754839468509-63c04672888cc-64a1c7da-deedf17f","metadata":{"@type":"type.googleapis.com/google.cloud.functions.v2.OperationMetadata","createTime":"2025-08-10T15:24:29.914567811Z","target":"projects/madridloop/locations/us-central1/functions/checkAppVersion","verb":"create","cancelRequested":false,"apiVersion":"v2","requestResource":{"@type":"type.googleapis.com/google.cloud.functions.v2.Function","name":"projects/madridloop/locations/us-central1/functions/checkAppVersion","buildConfig":{"runtime":"nodejs22","entryPoint":"checkAppVersion","source":{"storageSource":{"bucket":"gcf-v2-sources-391413214625-us-central1","object":"checkAppVersion/function-source.zip","generation":"1754839469563089"}},"environmentVariables":{"GOOGLE_NODE_RUN_SCRIPTS":""},"serviceAccount":"projects/madridloop/serviceAccounts/391413214625-compute@developer.gserviceaccount.com","automaticUpdatePolicy":{}},"serviceConfig":{"service":"projects/madridloop/locations/us-central1/services/checkappversion","timeoutSeconds":60,"environmentVariables":{"FIREBASE_CONFIG":"{\"projectId\":\"madridloop\",\"storageBucket\":\"madridloop.firebasestorage.app\"}","GCLOUD_PROJECT":"madridloop","EVENTARC_CLOUD_EVENT_SOURCE":"projects/madridloop/locations/us-central1/services/checkAppVersion","FUNCTION_TARGET":"checkAppVersion","LOG_EXECUTION_ID":"true"},"ingressSettings":"ALLOW_ALL","serviceAccountEmail":"391413214625-compute@developer.gserviceaccount.com","availableMemory":"256Mi","maxInstanceRequestConcurrency":80,"availableCpu":"1"},"labels":{"deployment-tool":"cli-firebase","firebase-functions-hash":"f9fc4f52700bc5dc72cc36fe55af034272a20c7f"},"environment":"GEN_2"},"stages":[{"name":"BUILD","message":"Build in progress","state":"IN_PROGRESS","resource":"projects/391413214625/locations/us-central1/builds/102fcb3e-1d29-44de-8e1f-1feaa84d7c75","resourceUri":"https://console.cloud.google.com/cloud-build/builds;region=us-central1/102fcb3e-1d29-44de-8e1f-1feaa84d7c75?project=391413214625"},{"name":"SERVICE","state":"NOT_STARTED"}],"operationType":"CREATE_FUNCTION","buildName":"projects/391413214625/locations/us-central1/builds/102fcb3e-1d29-44de-8e1f-1feaa84d7c75"},"done":false}
[debug] [2025-08-10T15:25:43.065Z] [create-default-us-central1-checkAppVersion] Retrying task index 0
[debug] [2025-08-10T15:25:43.065Z] Checked if tokens are valid: true, expires at: 1754842240533
[debug] [2025-08-10T15:25:43.065Z] Checked if tokens are valid: true, expires at: 1754842240533
[debug] [2025-08-10T15:25:43.066Z] >>> [apiv2][query] GET https://cloudfunctions.googleapis.com/v2/projects/madridloop/locations/us-central1/operations/operation-1754839468509-63c04672888cc-64a1c7da-deedf17f [none]
[debug] [2025-08-10T15:25:43.848Z] <<< [apiv2][status] GET https://cloudfunctions.googleapis.com/v2/projects/madridloop/locations/us-central1/operations/operation-1754839468509-63c04672888cc-64a1c7da-deedf17f 200
[debug] [2025-08-10T15:25:43.848Z] <<< [apiv2][body] GET https://cloudfunctions.googleapis.com/v2/projects/madridloop/locations/us-central1/operations/operation-1754839468509-63c04672888cc-64a1c7da-deedf17f {"name":"projects/madridloop/locations/us-central1/operations/operation-1754839468509-63c04672888cc-64a1c7da-deedf17f","metadata":{"@type":"type.googleapis.com/google.cloud.functions.v2.OperationMetadata","createTime":"2025-08-10T15:24:29.914567811Z","target":"projects/madridloop/locations/us-central1/functions/checkAppVersion","verb":"create","cancelRequested":false,"apiVersion":"v2","requestResource":{"@type":"type.googleapis.com/google.cloud.functions.v2.Function","name":"projects/madridloop/locations/us-central1/functions/checkAppVersion","buildConfig":{"runtime":"nodejs22","entryPoint":"checkAppVersion","source":{"storageSource":{"bucket":"gcf-v2-sources-391413214625-us-central1","object":"checkAppVersion/function-source.zip","generation":"1754839469563089"}},"environmentVariables":{"GOOGLE_NODE_RUN_SCRIPTS":""},"serviceAccount":"projects/madridloop/serviceAccounts/391413214625-compute@developer.gserviceaccount.com","automaticUpdatePolicy":{}},"serviceConfig":{"service":"projects/madridloop/locations/us-central1/services/checkappversion","timeoutSeconds":60,"environmentVariables":{"FIREBASE_CONFIG":"{\"projectId\":\"madridloop\",\"storageBucket\":\"madridloop.firebasestorage.app\"}","GCLOUD_PROJECT":"madridloop","EVENTARC_CLOUD_EVENT_SOURCE":"projects/madridloop/locations/us-central1/services/checkAppVersion","FUNCTION_TARGET":"checkAppVersion","LOG_EXECUTION_ID":"true"},"ingressSettings":"ALLOW_ALL","serviceAccountEmail":"391413214625-compute@developer.gserviceaccount.com","availableMemory":"256Mi","maxInstanceRequestConcurrency":80,"availableCpu":"1"},"labels":{"deployment-tool":"cli-firebase","firebase-functions-hash":"f9fc4f52700bc5dc72cc36fe55af034272a20c7f"},"environment":"GEN_2"},"stages":[{"name":"BUILD","message":"Build finished","state":"COMPLETE","resource":"projects/391413214625/locations/us-central1/builds/102fcb3e-1d29-44de-8e1f-1feaa84d7c75","resourceUri":"https://console.cloud.google.com/cloud-build/builds;region=us-central1/102fcb3e-1d29-44de-8e1f-1feaa84d7c75?project=391413214625"},{"name":"SERVICE","message":"Creating Cloud Run service","state":"IN_PROGRESS","resource":"projects/madridloop/locations/us-central1/services/checkappversion","resourceUri":"https://console.cloud.google.com/run/detail/us-central1/checkappversion?project=madridloop"}],"sourceToken":"Cldwcm9qZWN0cy8zOTE0MTMyMTQ2MjUvbG9jYXRpb25zL3VzLWNlbnRyYWwxL2J1aWxkcy8xMDJmY2IzZS0xZDI5LTQ0ZGUtOGUxZi0xZmVhYTg0ZDdjNzUSaXVzLWNlbnRyYWwxLWRvY2tlci5wa2cuZGV2L21hZHJpZGxvb3AvZ2NmLWFydGlmYWN0cy9tYWRyaWRsb29wX191cy0tY2VudHJhbDFfX2NoZWNrX2FwcF92ZXJzaW9uOnZlcnNpb25fMRih266QsgsiQ3Byb2plY3RzL21hZHJpZGxvb3AvbG9jYXRpb25zL3VzLWNlbnRyYWwxL2Z1bmN0aW9ucy9jaGVja0FwcFZlcnNpb24qDAj18+LEBhDAzpS6ATIIbm9kZWpzMjI6dgojZ2NyLmlvL2dhZS1ydW50aW1lcy9ub2RlanMyMjpzdGFibGUST3VzLWNlbnRyYWwxLWRvY2tlci5wa2cuZGV2L3NlcnZlcmxlc3MtcnVudGltZXMvZ29vZ2xlLTIyLWZ1bGwvcnVudGltZXMvbm9kZWpzMjJAAQ==","operationType":"CREATE_FUNCTION","buildName":"projects/391413214625/locations/us-central1/builds/102fcb3e-1d29-44de-8e1f-1feaa84d7c75"},"done":false}
[debug] [2025-08-10T15:25:43.849Z] Got source token Cldwcm9qZWN0cy8zOTE0MTMyMTQ2MjUvbG9jYXRpb25zL3VzLWNlbnRyYWwxL2J1aWxkcy8xMDJmY2IzZS0xZDI5LTQ0ZGUtOGUxZi0xZmVhYTg0ZDdjNzUSaXVzLWNlbnRyYWwxLWRvY2tlci5wa2cuZGV2L21hZHJpZGxvb3AvZ2NmLWFydGlmYWN0cy9tYWRyaWRsb29wX191cy0tY2VudHJhbDFfX2NoZWNrX2FwcF92ZXJzaW9uOnZlcnNpb25fMRih266QsgsiQ3Byb2plY3RzL21hZHJpZGxvb3AvbG9jYXRpb25zL3VzLWNlbnRyYWwxL2Z1bmN0aW9ucy9jaGVja0FwcFZlcnNpb24qDAj18+LEBhDAzpS6ATIIbm9kZWpzMjI6dgojZ2NyLmlvL2dhZS1ydW50aW1lcy9ub2RlanMyMjpzdGFibGUST3VzLWNlbnRyYWwxLWRvY2tlci5wa2cuZGV2L3NlcnZlcmxlc3MtcnVudGltZXMvZ29vZ2xlLTIyLWZ1bGwvcnVudGltZXMvbm9kZWpzMjJAAQ== for region us-central1
[debug] [2025-08-10T15:25:53.850Z] [create-default-us-central1-checkAppVersion] Retrying task index 0
[debug] [2025-08-10T15:25:53.851Z] Checked if tokens are valid: true, expires at: 1754842240533
[debug] [2025-08-10T15:25:53.851Z] Checked if tokens are valid: true, expires at: 1754842240533
[debug] [2025-08-10T15:25:53.851Z] >>> [apiv2][query] GET https://cloudfunctions.googleapis.com/v2/projects/madridloop/locations/us-central1/operations/operation-1754839468509-63c04672888cc-64a1c7da-deedf17f [none]
[debug] [2025-08-10T15:25:54.599Z] <<< [apiv2][status] GET https://cloudfunctions.googleapis.com/v2/projects/madridloop/locations/us-central1/operations/operation-1754839468509-63c04672888cc-64a1c7da-deedf17f 200
[debug] [2025-08-10T15:25:54.600Z] <<< [apiv2][body] GET https://cloudfunctions.googleapis.com/v2/projects/madridloop/locations/us-central1/operations/operation-1754839468509-63c04672888cc-64a1c7da-deedf17f {"name":"projects/madridloop/locations/us-central1/operations/operation-1754839468509-63c04672888cc-64a1c7da-deedf17f","metadata":{"@type":"type.googleapis.com/google.cloud.functions.v2.OperationMetadata","createTime":"2025-08-10T15:24:29.914567811Z","target":"projects/madridloop/locations/us-central1/functions/checkAppVersion","verb":"create","cancelRequested":false,"apiVersion":"v2","requestResource":{"@type":"type.googleapis.com/google.cloud.functions.v2.Function","name":"projects/madridloop/locations/us-central1/functions/checkAppVersion","buildConfig":{"runtime":"nodejs22","entryPoint":"checkAppVersion","source":{"storageSource":{"bucket":"gcf-v2-sources-391413214625-us-central1","object":"checkAppVersion/function-source.zip","generation":"1754839469563089"}},"environmentVariables":{"GOOGLE_NODE_RUN_SCRIPTS":""},"serviceAccount":"projects/madridloop/serviceAccounts/391413214625-compute@developer.gserviceaccount.com","automaticUpdatePolicy":{}},"serviceConfig":{"service":"projects/madridloop/locations/us-central1/services/checkappversion","timeoutSeconds":60,"environmentVariables":{"FIREBASE_CONFIG":"{\"projectId\":\"madridloop\",\"storageBucket\":\"madridloop.firebasestorage.app\"}","GCLOUD_PROJECT":"madridloop","EVENTARC_CLOUD_EVENT_SOURCE":"projects/madridloop/locations/us-central1/services/checkAppVersion","FUNCTION_TARGET":"checkAppVersion","LOG_EXECUTION_ID":"true"},"ingressSettings":"ALLOW_ALL","serviceAccountEmail":"391413214625-compute@developer.gserviceaccount.com","availableMemory":"256Mi","maxInstanceRequestConcurrency":80,"availableCpu":"1"},"labels":{"deployment-tool":"cli-firebase","firebase-functions-hash":"f9fc4f52700bc5dc72cc36fe55af034272a20c7f"},"environment":"GEN_2"},"stages":[{"name":"BUILD","message":"Build finished","state":"COMPLETE","resource":"projects/391413214625/locations/us-central1/builds/102fcb3e-1d29-44de-8e1f-1feaa84d7c75","resourceUri":"https://console.cloud.google.com/cloud-build/builds;region=us-central1/102fcb3e-1d29-44de-8e1f-1feaa84d7c75?project=391413214625"},{"name":"SERVICE","message":"Creating Cloud Run service","state":"IN_PROGRESS","resource":"projects/madridloop/locations/us-central1/services/checkappversion","resourceUri":"https://console.cloud.google.com/run/detail/us-central1/checkappversion?project=madridloop"}],"sourceToken":"Cldwcm9qZWN0cy8zOTE0MTMyMTQ2MjUvbG9jYXRpb25zL3VzLWNlbnRyYWwxL2J1aWxkcy8xMDJmY2IzZS0xZDI5LTQ0ZGUtOGUxZi0xZmVhYTg0ZDdjNzUSaXVzLWNlbnRyYWwxLWRvY2tlci5wa2cuZGV2L21hZHJpZGxvb3AvZ2NmLWFydGlmYWN0cy9tYWRyaWRsb29wX191cy0tY2VudHJhbDFfX2NoZWNrX2FwcF92ZXJzaW9uOnZlcnNpb25fMRih266QsgsiQ3Byb2plY3RzL21hZHJpZGxvb3AvbG9jYXRpb25zL3VzLWNlbnRyYWwxL2Z1bmN0aW9ucy9jaGVja0FwcFZlcnNpb24qDAj18+LEBhDAzpS6ATIIbm9kZWpzMjI6dgojZ2NyLmlvL2dhZS1ydW50aW1lcy9ub2RlanMyMjpzdGFibGUST3VzLWNlbnRyYWwxLWRvY2tlci5wa2cuZGV2L3NlcnZlcmxlc3MtcnVudGltZXMvZ29vZ2xlLTIyLWZ1bGwvcnVudGltZXMvbm9kZWpzMjJAAQ==","operationType":"CREATE_FUNCTION","buildName":"projects/391413214625/locations/us-central1/builds/102fcb3e-1d29-44de-8e1f-1feaa84d7c75"},"done":false}
[debug] [2025-08-10T15:25:54.600Z] Got source token Cldwcm9qZWN0cy8zOTE0MTMyMTQ2MjUvbG9jYXRpb25zL3VzLWNlbnRyYWwxL2J1aWxkcy8xMDJmY2IzZS0xZDI5LTQ0ZGUtOGUxZi0xZmVhYTg0ZDdjNzUSaXVzLWNlbnRyYWwxLWRvY2tlci5wa2cuZGV2L21hZHJpZGxvb3AvZ2NmLWFydGlmYWN0cy9tYWRyaWRsb29wX191cy0tY2VudHJhbDFfX2NoZWNrX2FwcF92ZXJzaW9uOnZlcnNpb25fMRih266QsgsiQ3Byb2plY3RzL21hZHJpZGxvb3AvbG9jYXRpb25zL3VzLWNlbnRyYWwxL2Z1bmN0aW9ucy9jaGVja0FwcFZlcnNpb24qDAj18+LEBhDAzpS6ATIIbm9kZWpzMjI6dgojZ2NyLmlvL2dhZS1ydW50aW1lcy9ub2RlanMyMjpzdGFibGUST3VzLWNlbnRyYWwxLWRvY2tlci5wa2cuZGV2L3NlcnZlcmxlc3MtcnVudGltZXMvZ29vZ2xlLTIyLWZ1bGwvcnVudGltZXMvbm9kZWpzMjJAAQ== for region us-central1
[debug] [2025-08-10T15:26:04.601Z] [create-default-us-central1-checkAppVersion] Retrying task index 0
[debug] [2025-08-10T15:26:04.601Z] Checked if tokens are valid: true, expires at: 1754842240533
[debug] [2025-08-10T15:26:04.601Z] Checked if tokens are valid: true, expires at: 1754842240533
[debug] [2025-08-10T15:26:04.602Z] >>> [apiv2][query] GET https://cloudfunctions.googleapis.com/v2/projects/madridloop/locations/us-central1/operations/operation-1754839468509-63c04672888cc-64a1c7da-deedf17f [none]
[debug] [2025-08-10T15:26:05.453Z] <<< [apiv2][status] GET https://cloudfunctions.googleapis.com/v2/projects/madridloop/locations/us-central1/operations/operation-1754839468509-63c04672888cc-64a1c7da-deedf17f 200
[debug] [2025-08-10T15:26:05.453Z] <<< [apiv2][body] GET https://cloudfunctions.googleapis.com/v2/projects/madridloop/locations/us-central1/operations/operation-1754839468509-63c04672888cc-64a1c7da-deedf17f {"name":"projects/madridloop/locations/us-central1/operations/operation-1754839468509-63c04672888cc-64a1c7da-deedf17f","metadata":{"@type":"type.googleapis.com/google.cloud.functions.v2.OperationMetadata","createTime":"2025-08-10T15:24:29.914567811Z","target":"projects/madridloop/locations/us-central1/functions/checkAppVersion","verb":"create","cancelRequested":false,"apiVersion":"v2","requestResource":{"@type":"type.googleapis.com/google.cloud.functions.v2.Function","name":"projects/madridloop/locations/us-central1/functions/checkAppVersion","buildConfig":{"runtime":"nodejs22","entryPoint":"checkAppVersion","source":{"storageSource":{"bucket":"gcf-v2-sources-391413214625-us-central1","object":"checkAppVersion/function-source.zip","generation":"1754839469563089"}},"environmentVariables":{"GOOGLE_NODE_RUN_SCRIPTS":""},"serviceAccount":"projects/madridloop/serviceAccounts/391413214625-compute@developer.gserviceaccount.com","automaticUpdatePolicy":{}},"serviceConfig":{"service":"projects/madridloop/locations/us-central1/services/checkappversion","timeoutSeconds":60,"environmentVariables":{"FIREBASE_CONFIG":"{\"projectId\":\"madridloop\",\"storageBucket\":\"madridloop.firebasestorage.app\"}","GCLOUD_PROJECT":"madridloop","EVENTARC_CLOUD_EVENT_SOURCE":"projects/madridloop/locations/us-central1/services/checkAppVersion","FUNCTION_TARGET":"checkAppVersion","LOG_EXECUTION_ID":"true"},"ingressSettings":"ALLOW_ALL","serviceAccountEmail":"391413214625-compute@developer.gserviceaccount.com","availableMemory":"256Mi","maxInstanceRequestConcurrency":80,"availableCpu":"1"},"labels":{"deployment-tool":"cli-firebase","firebase-functions-hash":"f9fc4f52700bc5dc72cc36fe55af034272a20c7f"},"environment":"GEN_2"},"stages":[{"name":"BUILD","message":"Build finished","state":"COMPLETE","resource":"projects/391413214625/locations/us-central1/builds/102fcb3e-1d29-44de-8e1f-1feaa84d7c75","resourceUri":"https://console.cloud.google.com/cloud-build/builds;region=us-central1/102fcb3e-1d29-44de-8e1f-1feaa84d7c75?project=391413214625"},{"name":"SERVICE","message":"Creating Cloud Run service","state":"IN_PROGRESS","resource":"projects/madridloop/locations/us-central1/services/checkappversion","resourceUri":"https://console.cloud.google.com/run/detail/us-central1/checkappversion?project=madridloop"}],"sourceToken":"Cldwcm9qZWN0cy8zOTE0MTMyMTQ2MjUvbG9jYXRpb25zL3VzLWNlbnRyYWwxL2J1aWxkcy8xMDJmY2IzZS0xZDI5LTQ0ZGUtOGUxZi0xZmVhYTg0ZDdjNzUSaXVzLWNlbnRyYWwxLWRvY2tlci5wa2cuZGV2L21hZHJpZGxvb3AvZ2NmLWFydGlmYWN0cy9tYWRyaWRsb29wX191cy0tY2VudHJhbDFfX2NoZWNrX2FwcF92ZXJzaW9uOnZlcnNpb25fMRih266QsgsiQ3Byb2plY3RzL21hZHJpZGxvb3AvbG9jYXRpb25zL3VzLWNlbnRyYWwxL2Z1bmN0aW9ucy9jaGVja0FwcFZlcnNpb24qDAj18+LEBhDAzpS6ATIIbm9kZWpzMjI6dgojZ2NyLmlvL2dhZS1ydW50aW1lcy9ub2RlanMyMjpzdGFibGUST3VzLWNlbnRyYWwxLWRvY2tlci5wa2cuZGV2L3NlcnZlcmxlc3MtcnVudGltZXMvZ29vZ2xlLTIyLWZ1bGwvcnVudGltZXMvbm9kZWpzMjJAAQ==","operationType":"CREATE_FUNCTION","buildName":"projects/391413214625/locations/us-central1/builds/102fcb3e-1d29-44de-8e1f-1feaa84d7c75"},"done":false}
[debug] [2025-08-10T15:26:05.453Z] Got source token Cldwcm9qZWN0cy8zOTE0MTMyMTQ2MjUvbG9jYXRpb25zL3VzLWNlbnRyYWwxL2J1aWxkcy8xMDJmY2IzZS0xZDI5LTQ0ZGUtOGUxZi0xZmVhYTg0ZDdjNzUSaXVzLWNlbnRyYWwxLWRvY2tlci5wa2cuZGV2L21hZHJpZGxvb3AvZ2NmLWFydGlmYWN0cy9tYWRyaWRsb29wX191cy0tY2VudHJhbDFfX2NoZWNrX2FwcF92ZXJzaW9uOnZlcnNpb25fMRih266QsgsiQ3Byb2plY3RzL21hZHJpZGxvb3AvbG9jYXRpb25zL3VzLWNlbnRyYWwxL2Z1bmN0aW9ucy9jaGVja0FwcFZlcnNpb24qDAj18+LEBhDAzpS6ATIIbm9kZWpzMjI6dgojZ2NyLmlvL2dhZS1ydW50aW1lcy9ub2RlanMyMjpzdGFibGUST3VzLWNlbnRyYWwxLWRvY2tlci5wa2cuZGV2L3NlcnZlcmxlc3MtcnVudGltZXMvZ29vZ2xlLTIyLWZ1bGwvcnVudGltZXMvbm9kZWpzMjJAAQ== for region us-central1
[debug] [2025-08-10T15:26:15.455Z] [create-default-us-central1-checkAppVersion] Retrying task index 0
[debug] [2025-08-10T15:26:15.456Z] Checked if tokens are valid: true, expires at: 1754842240533
[debug] [2025-08-10T15:26:15.456Z] Checked if tokens are valid: true, expires at: 1754842240533
[debug] [2025-08-10T15:26:15.456Z] >>> [apiv2][query] GET https://cloudfunctions.googleapis.com/v2/projects/madridloop/locations/us-central1/operations/operation-1754839468509-63c04672888cc-64a1c7da-deedf17f [none]
[debug] [2025-08-10T15:26:16.191Z] <<< [apiv2][status] GET https://cloudfunctions.googleapis.com/v2/projects/madridloop/locations/us-central1/operations/operation-1754839468509-63c04672888cc-64a1c7da-deedf17f 200
[debug] [2025-08-10T15:26:16.191Z] <<< [apiv2][body] GET https://cloudfunctions.googleapis.com/v2/projects/madridloop/locations/us-central1/operations/operation-1754839468509-63c04672888cc-64a1c7da-deedf17f {"name":"projects/madridloop/locations/us-central1/operations/operation-1754839468509-63c04672888cc-64a1c7da-deedf17f","metadata":{"@type":"type.googleapis.com/google.cloud.functions.v2.OperationMetadata","createTime":"2025-08-10T15:24:29.914567811Z","target":"projects/madridloop/locations/us-central1/functions/checkAppVersion","verb":"create","cancelRequested":false,"apiVersion":"v2","requestResource":{"@type":"type.googleapis.com/google.cloud.functions.v2.Function","name":"projects/madridloop/locations/us-central1/functions/checkAppVersion","buildConfig":{"runtime":"nodejs22","entryPoint":"checkAppVersion","source":{"storageSource":{"bucket":"gcf-v2-sources-391413214625-us-central1","object":"checkAppVersion/function-source.zip","generation":"1754839469563089"}},"environmentVariables":{"GOOGLE_NODE_RUN_SCRIPTS":""},"serviceAccount":"projects/madridloop/serviceAccounts/391413214625-compute@developer.gserviceaccount.com","automaticUpdatePolicy":{}},"serviceConfig":{"service":"projects/madridloop/locations/us-central1/services/checkappversion","timeoutSeconds":60,"environmentVariables":{"FIREBASE_CONFIG":"{\"projectId\":\"madridloop\",\"storageBucket\":\"madridloop.firebasestorage.app\"}","GCLOUD_PROJECT":"madridloop","EVENTARC_CLOUD_EVENT_SOURCE":"projects/madridloop/locations/us-central1/services/checkAppVersion","FUNCTION_TARGET":"checkAppVersion","LOG_EXECUTION_ID":"true"},"ingressSettings":"ALLOW_ALL","serviceAccountEmail":"391413214625-compute@developer.gserviceaccount.com","availableMemory":"256Mi","maxInstanceRequestConcurrency":80,"availableCpu":"1"},"labels":{"deployment-tool":"cli-firebase","firebase-functions-hash":"f9fc4f52700bc5dc72cc36fe55af034272a20c7f"},"environment":"GEN_2"},"stages":[{"name":"BUILD","message":"Build finished","state":"COMPLETE","resource":"projects/391413214625/locations/us-central1/builds/102fcb3e-1d29-44de-8e1f-1feaa84d7c75","resourceUri":"https://console.cloud.google.com/cloud-build/builds;region=us-central1/102fcb3e-1d29-44de-8e1f-1feaa84d7c75?project=391413214625"},{"name":"SERVICE","message":"Creating Cloud Run service","state":"IN_PROGRESS","resource":"projects/madridloop/locations/us-central1/services/checkappversion","resourceUri":"https://console.cloud.google.com/run/detail/us-central1/checkappversion?project=madridloop"}],"sourceToken":"Cldwcm9qZWN0cy8zOTE0MTMyMTQ2MjUvbG9jYXRpb25zL3VzLWNlbnRyYWwxL2J1aWxkcy8xMDJmY2IzZS0xZDI5LTQ0ZGUtOGUxZi0xZmVhYTg0ZDdjNzUSaXVzLWNlbnRyYWwxLWRvY2tlci5wa2cuZGV2L21hZHJpZGxvb3AvZ2NmLWFydGlmYWN0cy9tYWRyaWRsb29wX191cy0tY2VudHJhbDFfX2NoZWNrX2FwcF92ZXJzaW9uOnZlcnNpb25fMRih266QsgsiQ3Byb2plY3RzL21hZHJpZGxvb3AvbG9jYXRpb25zL3VzLWNlbnRyYWwxL2Z1bmN0aW9ucy9jaGVja0FwcFZlcnNpb24qDAj18+LEBhDAzpS6ATIIbm9kZWpzMjI6dgojZ2NyLmlvL2dhZS1ydW50aW1lcy9ub2RlanMyMjpzdGFibGUST3VzLWNlbnRyYWwxLWRvY2tlci5wa2cuZGV2L3NlcnZlcmxlc3MtcnVudGltZXMvZ29vZ2xlLTIyLWZ1bGwvcnVudGltZXMvbm9kZWpzMjJAAQ==","operationType":"CREATE_FUNCTION","buildName":"projects/391413214625/locations/us-central1/builds/102fcb3e-1d29-44de-8e1f-1feaa84d7c75"},"done":false}
[debug] [2025-08-10T15:26:16.191Z] Got source token Cldwcm9qZWN0cy8zOTE0MTMyMTQ2MjUvbG9jYXRpb25zL3VzLWNlbnRyYWwxL2J1aWxkcy8xMDJmY2IzZS0xZDI5LTQ0ZGUtOGUxZi0xZmVhYTg0ZDdjNzUSaXVzLWNlbnRyYWwxLWRvY2tlci5wa2cuZGV2L21hZHJpZGxvb3AvZ2NmLWFydGlmYWN0cy9tYWRyaWRsb29wX191cy0tY2VudHJhbDFfX2NoZWNrX2FwcF92ZXJzaW9uOnZlcnNpb25fMRih266QsgsiQ3Byb2plY3RzL21hZHJpZGxvb3AvbG9jYXRpb25zL3VzLWNlbnRyYWwxL2Z1bmN0aW9ucy9jaGVja0FwcFZlcnNpb24qDAj18+LEBhDAzpS6ATIIbm9kZWpzMjI6dgojZ2NyLmlvL2dhZS1ydW50aW1lcy9ub2RlanMyMjpzdGFibGUST3VzLWNlbnRyYWwxLWRvY2tlci5wa2cuZGV2L3NlcnZlcmxlc3MtcnVudGltZXMvZ29vZ2xlLTIyLWZ1bGwvcnVudGltZXMvbm9kZWpzMjJAAQ== for region us-central1
[debug] [2025-08-10T15:26:26.193Z] [create-default-us-central1-checkAppVersion] Retrying task index 0
[debug] [2025-08-10T15:26:26.193Z] Checked if tokens are valid: true, expires at: 1754842240533
[debug] [2025-08-10T15:26:26.193Z] Checked if tokens are valid: true, expires at: 1754842240533
[debug] [2025-08-10T15:26:26.194Z] >>> [apiv2][query] GET https://cloudfunctions.googleapis.com/v2/projects/madridloop/locations/us-central1/operations/operation-1754839468509-63c04672888cc-64a1c7da-deedf17f [none]
[debug] [2025-08-10T15:26:26.958Z] <<< [apiv2][status] GET https://cloudfunctions.googleapis.com/v2/projects/madridloop/locations/us-central1/operations/operation-1754839468509-63c04672888cc-64a1c7da-deedf17f 200
[debug] [2025-08-10T15:26:26.958Z] <<< [apiv2][body] GET https://cloudfunctions.googleapis.com/v2/projects/madridloop/locations/us-central1/operations/operation-1754839468509-63c04672888cc-64a1c7da-deedf17f {"name":"projects/madridloop/locations/us-central1/operations/operation-1754839468509-63c04672888cc-64a1c7da-deedf17f","metadata":{"@type":"type.googleapis.com/google.cloud.functions.v2.OperationMetadata","createTime":"2025-08-10T15:24:29.914567811Z","endTime":"2025-08-10T15:26:24.420871006Z","target":"projects/madridloop/locations/us-central1/functions/checkAppVersion","verb":"create","cancelRequested":false,"apiVersion":"v2","requestResource":{"@type":"type.googleapis.com/google.cloud.functions.v2.Function","name":"projects/madridloop/locations/us-central1/functions/checkAppVersion","buildConfig":{"runtime":"nodejs22","entryPoint":"checkAppVersion","source":{"storageSource":{"bucket":"gcf-v2-sources-391413214625-us-central1","object":"checkAppVersion/function-source.zip","generation":"1754839469563089"}},"environmentVariables":{"GOOGLE_NODE_RUN_SCRIPTS":""},"serviceAccount":"projects/madridloop/serviceAccounts/391413214625-compute@developer.gserviceaccount.com","automaticUpdatePolicy":{}},"serviceConfig":{"service":"projects/madridloop/locations/us-central1/services/checkappversion","timeoutSeconds":60,"environmentVariables":{"FIREBASE_CONFIG":"{\"projectId\":\"madridloop\",\"storageBucket\":\"madridloop.firebasestorage.app\"}","GCLOUD_PROJECT":"madridloop","EVENTARC_CLOUD_EVENT_SOURCE":"projects/madridloop/locations/us-central1/services/checkAppVersion","FUNCTION_TARGET":"checkAppVersion","LOG_EXECUTION_ID":"true"},"ingressSettings":"ALLOW_ALL","serviceAccountEmail":"391413214625-compute@developer.gserviceaccount.com","availableMemory":"256Mi","maxInstanceRequestConcurrency":80,"availableCpu":"1"},"labels":{"deployment-tool":"cli-firebase","firebase-functions-hash":"f9fc4f52700bc5dc72cc36fe55af034272a20c7f"},"environment":"GEN_2"},"stages":[{"name":"BUILD","message":"Build finished","state":"COMPLETE","resource":"projects/391413214625/locations/us-central1/builds/102fcb3e-1d29-44de-8e1f-1feaa84d7c75","resourceUri":"https://console.cloud.google.com/cloud-build/builds;region=us-central1/102fcb3e-1d29-44de-8e1f-1feaa84d7c75?project=391413214625"},{"name":"SERVICE","message":"Creating Cloud Run service","state":"COMPLETE","resource":"projects/madridloop/locations/us-central1/services/checkappversion","resourceUri":"https://console.cloud.google.com/run/detail/us-central1/checkappversion?project=madridloop"}],"sourceToken":"Cldwcm9qZWN0cy8zOTE0MTMyMTQ2MjUvbG9jYXRpb25zL3VzLWNlbnRyYWwxL2J1aWxkcy8xMDJmY2IzZS0xZDI5LTQ0ZGUtOGUxZi0xZmVhYTg0ZDdjNzUSaXVzLWNlbnRyYWwxLWRvY2tlci5wa2cuZGV2L21hZHJpZGxvb3AvZ2NmLWFydGlmYWN0cy9tYWRyaWRsb29wX191cy0tY2VudHJhbDFfX2NoZWNrX2FwcF92ZXJzaW9uOnZlcnNpb25fMRih266QsgsiQ3Byb2plY3RzL21hZHJpZGxvb3AvbG9jYXRpb25zL3VzLWNlbnRyYWwxL2Z1bmN0aW9ucy9jaGVja0FwcFZlcnNpb24qDAj18+LEBhDAzpS6ATIIbm9kZWpzMjI6dgojZ2NyLmlvL2dhZS1ydW50aW1lcy9ub2RlanMyMjpzdGFibGUST3VzLWNlbnRyYWwxLWRvY2tlci5wa2cuZGV2L3NlcnZlcmxlc3MtcnVudGltZXMvZ29vZ2xlLTIyLWZ1bGwvcnVudGltZXMvbm9kZWpzMjJAAQ==","operationType":"CREATE_FUNCTION","buildName":"projects/391413214625/locations/us-central1/builds/102fcb3e-1d29-44de-8e1f-1feaa84d7c75"},"done":true,"response":{"@type":"type.googleapis.com/google.cloud.functions.v2.Function","name":"projects/madridloop/locations/us-central1/functions/checkAppVersion","buildConfig":{"build":"projects/391413214625/locations/us-central1/builds/102fcb3e-1d29-44de-8e1f-1feaa84d7c75","runtime":"nodejs22","entryPoint":"checkAppVersion","source":{"storageSource":{"bucket":"gcf-v2-sources-391413214625-us-central1","object":"checkAppVersion/function-source.zip","generation":"1754839469563089"}},"environmentVariables":{"GOOGLE_NODE_RUN_SCRIPTS":""},"dockerRepository":"projects/madridloop/locations/us-central1/repositories/gcf-artifacts","sourceProvenance":{"resolvedStorageSource":{"bucket":"gcf-v2-sources-391413214625-us-central1","object":"checkAppVersion/function-source.zip","generation":"1754839469563089"}},"dockerRegistry":"ARTIFACT_REGISTRY","serviceAccount":"projects/madridloop/serviceAccounts/391413214625-compute@developer.gserviceaccount.com","automaticUpdatePolicy":{}},"serviceConfig":{"service":"projects/madridloop/locations/us-central1/services/checkappversion","timeoutSeconds":60,"environmentVariables":{"FIREBASE_CONFIG":"{\"projectId\":\"madridloop\",\"storageBucket\":\"madridloop.firebasestorage.app\"}","GCLOUD_PROJECT":"madridloop","EVENTARC_CLOUD_EVENT_SOURCE":"projects/madridloop/locations/us-central1/services/checkAppVersion","FUNCTION_TARGET":"checkAppVersion","LOG_EXECUTION_ID":"true"},"maxInstanceCount":20,"ingressSettings":"ALLOW_ALL","uri":"https://checkappversion-3o573a5zhq-uc.a.run.app","serviceAccountEmail":"391413214625-compute@developer.gserviceaccount.com","availableMemory":"256Mi","allTrafficOnLatestRevision":true,"revision":"checkappversion-00001-vak","maxInstanceRequestConcurrency":80,"availableCpu":"1"},"state":"ACTIVE","updateTime":"2025-08-10T15:24:29.910811776Z","labels":{"deployment-tool":"cli-firebase","firebase-functions-hash":"f9fc4f52700bc5dc72cc36fe55af034272a20c7f"},"environment":"GEN_2","url":"https://us-central1-madridloop.cloudfunctions.net/checkAppVersion","createTime":"2025-08-10T15:24:29.910811776Z","satisfiesPzi":true}}
[debug] [2025-08-10T15:26:26.959Z] Got source token Cldwcm9qZWN0cy8zOTE0MTMyMTQ2MjUvbG9jYXRpb25zL3VzLWNlbnRyYWwxL2J1aWxkcy8xMDJmY2IzZS0xZDI5LTQ0ZGUtOGUxZi0xZmVhYTg0ZDdjNzUSaXVzLWNlbnRyYWwxLWRvY2tlci5wa2cuZGV2L21hZHJpZGxvb3AvZ2NmLWFydGlmYWN0cy9tYWRyaWRsb29wX191cy0tY2VudHJhbDFfX2NoZWNrX2FwcF92ZXJzaW9uOnZlcnNpb25fMRih266QsgsiQ3Byb2plY3RzL21hZHJpZGxvb3AvbG9jYXRpb25zL3VzLWNlbnRyYWwxL2Z1bmN0aW9ucy9jaGVja0FwcFZlcnNpb24qDAj18+LEBhDAzpS6ATIIbm9kZWpzMjI6dgojZ2NyLmlvL2dhZS1ydW50aW1lcy9ub2RlanMyMjpzdGFibGUST3VzLWNlbnRyYWwxLWRvY2tlci5wa2cuZGV2L3NlcnZlcmxlc3MtcnVudGltZXMvZ29vZ2xlLTIyLWZ1bGwvcnVudGltZXMvbm9kZWpzMjJAAQ== for region us-central1
[debug] [2025-08-10T15:26:26.960Z] Checked if tokens are valid: true, expires at: 1754842240533
[debug] [2025-08-10T15:26:26.960Z] Checked if tokens are valid: true, expires at: 1754842240533
[debug] [2025-08-10T15:26:26.960Z] >>> [apiv2][query] POST https://run.googleapis.com/v1/projects/madridloop/locations/us-central1/services/checkappversion:setIamPolicy [none]
[debug] [2025-08-10T15:26:26.960Z] >>> [apiv2][body] POST https://run.googleapis.com/v1/projects/madridloop/locations/us-central1/services/checkappversion:setIamPolicy {"policy":{"bindings":[{"role":"roles/run.invoker","members":["allUsers"]}],"etag":"","version":3},"updateMask":"bindings,etag,version"}
[debug] [2025-08-10T15:26:27.877Z] <<< [apiv2][status] POST https://run.googleapis.com/v1/projects/madridloop/locations/us-central1/services/checkappversion:setIamPolicy 200
[debug] [2025-08-10T15:26:27.877Z] <<< [apiv2][body] POST https://run.googleapis.com/v1/projects/madridloop/locations/us-central1/services/checkappversion:setIamPolicy {"version":1,"etag":"BwY8BG5FpFo=","bindings":[{"role":"roles/run.invoker","members":["allUsers"]}]}
[info] ✔  functions[checkAppVersion(us-central1)] Successful create operation. 
[debug] [2025-08-10T15:26:27.882Z] Total Function Deployment time: 120041
[debug] [2025-08-10T15:26:27.882Z] 1 Functions Deployed
[debug] [2025-08-10T15:26:27.882Z] 0 Functions Errored
[debug] [2025-08-10T15:26:27.882Z] 0 Function Deployments Aborted
[debug] [2025-08-10T15:26:27.882Z] Average Function Deployment time: 120041
[info] Function URL (checkAppVersion(us-central1)): https://us-central1-madridloop.cloudfunctions.net/checkAppVersion
[debug] [2025-08-10T15:26:27.944Z] Checked if tokens are valid: true, expires at: 1754842240533
[debug] [2025-08-10T15:26:27.944Z] Checked if tokens are valid: true, expires at: 1754842240533
[debug] [2025-08-10T15:26:27.944Z] >>> [apiv2][query] GET https://artifactregistry.googleapis.com/v1/projects/madridloop/locations/us-central1/repositories/gcf-artifacts [none]
[debug] [2025-08-10T15:26:28.716Z] <<< [apiv2][status] GET https://artifactregistry.googleapis.com/v1/projects/madridloop/locations/us-central1/repositories/gcf-artifacts 200
[debug] [2025-08-10T15:26:28.716Z] <<< [apiv2][body] GET https://artifactregistry.googleapis.com/v1/projects/madridloop/locations/us-central1/repositories/gcf-artifacts {"name":"projects/madridloop/locations/us-central1/repositories/gcf-artifacts","format":"DOCKER","description":"This repository is created and used by Cloud Functions for storing function docker images.","labels":{"goog-managed-by":"cloudfunctions"},"createTime":"2025-08-10T15:24:38.391452Z","updateTime":"2025-08-10T15:25:35.464811Z","mode":"STANDARD_REPOSITORY","sizeBytes":"95817436","vulnerabilityScanningConfig":{"lastEnableTime":"2025-08-10T15:24:30.107797841Z","enablementState":"SCANNING_DISABLED","enablementStateReason":"API containerscanning.googleapis.com is not enabled."},"satisfiesPzi":true,"registryUri":"us-central1-docker.pkg.dev/madridloop/gcf-artifacts"}
[warn] ⚠  functions: No cleanup policy detected for repositories in us-central1. This may result in a small monthly bill as container images accumulate over time. 
